2024-08-01 16:58:36.197 [info] Log level: Info
2024-08-01 16:58:36.197 [info] Validating found git in: "git"
2024-08-01 16:58:36.197 [info] Using git "2.43.0" from "git"
2024-08-01 16:58:36.197 [info] > git rev-parse --show-toplevel [3ms]
2024-08-01 16:58:36.197 [info] > git rev-parse --git-dir --git-common-dir [3ms]
2024-08-01 16:58:36.197 [info] Open repository: /workspace/project
2024-08-01 16:58:36.197 [info] > git config --get commit.template [8ms]
2024-08-01 16:58:36.197 [info] > git rev-parse --show-toplevel [11ms]
2024-08-01 16:58:36.197 [info] > git for-each-ref --format=%(refname)%00%(upstream:short)%00%(objectname)%00%(upstream:track)%00%(upstream:remotename)%00%(upstream:remoteref) refs/heads/main refs/remotes/main [191ms]
2024-08-01 16:58:36.197 [warning] ENOENT: no such file or directory, open '/workspace/project/.git/refs/remotes/origin/main'
2024-08-01 16:58:36.197 [info] > git rev-parse --show-toplevel [8ms]
2024-08-01 16:58:36.197 [info] > git rev-parse refs/remotes/origin/main [3ms]
2024-08-01 16:58:36.197 [info] > git status -z -uall [35ms]
2024-08-01 16:58:36.197 [info] > git for-each-ref --format=%(refname)%00%(upstream:short)%00%(objectname)%00%(upstream:track)%00%(upstream:remotename)%00%(upstream:remoteref) refs/heads/main refs/remotes/main [22ms]
2024-08-01 16:58:36.197 [info] > git config --get commit.template [33ms]
2024-08-01 16:58:36.197 [info] > git config --local branch.main.vscode-merge-base [3ms]
2024-08-01 16:58:36.197 [warning] git config failed: Failed to execute git
2024-08-01 16:58:36.197 [info] > git reflog main --grep-reflog=branch: Created from *. [8ms]
2024-08-01 16:58:36.197 [info] > git for-each-ref --format=%(refname)%00%(upstream:short)%00%(objectname)%00%(upstream:track)%00%(upstream:remotename)%00%(upstream:remoteref) refs/heads/main refs/remotes/main [13ms]
2024-08-01 16:58:36.197 [warning] ENOENT: no such file or directory, open '/workspace/project/.git/refs/remotes/origin/main'
2024-08-01 16:58:36.197 [info] > git symbolic-ref --short refs/remotes/origin/HEAD [14ms]
2024-08-01 16:58:36.197 [info] > git for-each-ref --format=%(refname)%00%(upstream:short)%00%(objectname)%00%(upstream:track)%00%(upstream:remotename)%00%(upstream:remoteref) refs/heads/origin/main refs/remotes/origin/main [63ms]
2024-08-01 16:58:36.197 [info] > git rev-parse refs/remotes/origin/main [80ms]
2024-08-01 16:58:36.198 [info] > git config --local branch.main.vscode-merge-base origin/main [10ms]
2024-08-01 16:58:36.207 [info] > git status -z -uall [12ms] (cancelled)
2024-08-01 16:58:36.214 [info] > git config --get commit.template [7ms]
2024-08-01 16:58:36.219 [info] > git for-each-ref --format=%(refname)%00%(upstream:short)%00%(objectname)%00%(upstream:track)%00%(upstream:remotename)%00%(upstream:remoteref) refs/heads/main refs/remotes/main [5ms]
2024-08-01 16:58:36.225 [warning] ENOENT: no such file or directory, open '/workspace/project/.git/refs/remotes/origin/main'
2024-08-01 16:58:36.259 [info] > git rev-parse refs/remotes/origin/main [34ms]
2024-08-01 16:58:36.287 [info] > git status -z -uall [12ms]
2024-08-01 16:58:36.303 [info] > git for-each-ref --format=%(refname)%00%(upstream:short)%00%(objectname)%00%(upstream:track)%00%(upstream:remotename)%00%(upstream:remoteref) refs/heads/main refs/remotes/main [8ms]
2024-08-01 16:58:36.312 [info] > git merge-base refs/heads/main refs/remotes/origin/main [9ms]
2024-08-01 16:58:36.319 [info] > git config --local branch.main.vscode-merge-base [8ms]
2024-08-01 16:58:36.327 [info] > git rev-list --count --left-right refs/heads/main...refs/remotes/origin/main [8ms]
2024-08-01 16:58:36.336 [info] > git for-each-ref --format=%(refname)%00%(upstream:short)%00%(objectname)%00%(upstream:track)%00%(upstream:remotename)%00%(upstream:remoteref) refs/heads/origin/main refs/remotes/origin/main [10ms]
2024-08-01 16:58:36.338 [info] > git diff --name-status -z --diff-filter=ADMR 8d4fd5c9cbd4603c33190bb9d70bbbf3ade80fb2...refs/remotes/origin/main [3ms]
2024-08-01 16:58:36.709 [info] > git check-ignore -v -z --stdin [2ms]
2024-08-01 16:58:38.588 [info] > git config --get commit.template [8ms]
2024-08-01 16:58:38.589 [info] > git for-each-ref --format=%(refname)%00%(upstream:short)%00%(objectname)%00%(upstream:track)%00%(upstream:remotename)%00%(upstream:remoteref) refs/heads/main refs/remotes/main [3ms]
2024-08-01 16:58:38.597 [warning] ENOENT: no such file or directory, open '/workspace/project/.git/refs/remotes/origin/main'
2024-08-01 16:58:38.599 [info] > git rev-parse refs/remotes/origin/main [2ms]
2024-08-01 16:58:38.609 [info] > git status -z -uall [3ms]
2024-08-01 16:58:38.619 [info] > git for-each-ref --format=%(refname)%00%(upstream:short)%00%(objectname)%00%(upstream:track)%00%(upstream:remotename)%00%(upstream:remoteref) refs/heads/main refs/remotes/main [3ms]
2024-08-01 16:58:38.629 [info] > git config --local branch.main.vscode-merge-base [2ms]
2024-08-01 16:58:38.639 [info] > git for-each-ref --format=%(refname)%00%(upstream:short)%00%(objectname)%00%(upstream:track)%00%(upstream:remotename)%00%(upstream:remoteref) refs/heads/origin/main refs/remotes/origin/main [2ms]
2024-08-01 16:58:40.482 [info] > git config --local branch.main.github-pr-owner-number [189ms]
2024-08-01 16:58:40.482 [warning] git config failed: Failed to execute git
2024-08-01 16:58:56.989 [info] > git check-ignore -v -z --stdin [2ms]
2024-08-01 16:58:57.194 [info] > git config --get commit.template [8ms]
2024-08-01 16:58:57.196 [info] > git for-each-ref --format=%(refname)%00%(upstream:short)%00%(objectname)%00%(upstream:track)%00%(upstream:remotename)%00%(upstream:remoteref) refs/heads/main refs/remotes/main [3ms]
2024-08-01 16:58:57.204 [warning] ENOENT: no such file or directory, open '/workspace/project/.git/refs/remotes/origin/main'
2024-08-01 16:58:57.206 [info] > git rev-parse refs/remotes/origin/main [2ms]
2024-08-01 16:58:57.219 [info] > git status -z -uall [5ms]
2024-08-01 16:58:57.387 [info] > git for-each-ref --format=%(refname)%00%(upstream:short)%00%(objectname)%00%(upstream:track)%00%(upstream:remotename)%00%(upstream:remoteref) refs/heads/main refs/remotes/main [159ms]
2024-08-01 16:58:57.397 [info] > git config --local branch.main.vscode-merge-base [2ms]
2024-08-01 16:58:57.421 [info] > git for-each-ref --format=%(refname)%00%(upstream:short)%00%(objectname)%00%(upstream:track)%00%(upstream:remotename)%00%(upstream:remoteref) refs/heads/origin/main refs/remotes/origin/main [17ms]
2024-08-01 16:58:57.433 [info] > git merge-base refs/heads/main refs/remotes/origin/main [3ms]
2024-08-01 16:58:57.443 [info] > git rev-list --count --left-right refs/heads/main...refs/remotes/origin/main [3ms]
2024-08-01 16:58:57.454 [info] > git diff --name-status -z --diff-filter=ADMR 8d4fd5c9cbd4603c33190bb9d70bbbf3ade80fb2...refs/remotes/origin/main [3ms]
2024-08-01 16:58:57.852 [info] > git config --local branch.main.github-pr-owner-number [162ms]
2024-08-01 16:58:57.852 [warning] git config failed: Failed to execute git
2024-08-01 16:59:02.395 [info] > git config --get commit.template [10ms]
2024-08-01 16:59:02.398 [info] > git for-each-ref --format=%(refname)%00%(upstream:short)%00%(objectname)%00%(upstream:track)%00%(upstream:remotename)%00%(upstream:remoteref) refs/heads/main refs/remotes/main [4ms]
2024-08-01 16:59:02.407 [warning] ENOENT: no such file or directory, open '/workspace/project/.git/refs/remotes/origin/main'
2024-08-01 16:59:02.409 [info] > git rev-parse refs/remotes/origin/main [2ms]
2024-08-01 16:59:02.478 [info] > git status -z -uall [4ms]
2024-08-01 16:59:02.493 [info] > git for-each-ref --format=%(refname)%00%(upstream:short)%00%(objectname)%00%(upstream:track)%00%(upstream:remotename)%00%(upstream:remoteref) refs/heads/main refs/remotes/main [3ms]
2024-08-01 16:59:02.505 [info] > git config --local branch.main.vscode-merge-base [3ms]
2024-08-01 16:59:02.584 [info] > git for-each-ref --format=%(refname)%00%(upstream:short)%00%(objectname)%00%(upstream:track)%00%(upstream:remotename)%00%(upstream:remoteref) refs/heads/origin/main refs/remotes/origin/main [4ms]
2024-08-01 16:59:07.509 [info] > git config --get commit.template [8ms]
2024-08-01 16:59:07.511 [info] > git for-each-ref --format=%(refname)%00%(upstream:short)%00%(objectname)%00%(upstream:track)%00%(upstream:remotename)%00%(upstream:remoteref) refs/heads/main refs/remotes/main [3ms]
2024-08-01 16:59:07.519 [warning] ENOENT: no such file or directory, open '/workspace/project/.git/refs/remotes/origin/main'
2024-08-01 16:59:07.522 [info] > git rev-parse refs/remotes/origin/main [2ms]
2024-08-01 16:59:07.534 [info] > git status -z -uall [4ms]
2024-08-01 16:59:07.692 [info] > git for-each-ref --format=%(refname)%00%(upstream:short)%00%(objectname)%00%(upstream:track)%00%(upstream:remotename)%00%(upstream:remoteref) refs/heads/main refs/remotes/main [147ms]
2024-08-01 16:59:07.702 [info] > git config --local branch.main.vscode-merge-base [3ms]
2024-08-01 16:59:07.728 [info] > git for-each-ref --format=%(refname)%00%(upstream:short)%00%(objectname)%00%(upstream:track)%00%(upstream:remotename)%00%(upstream:remoteref) refs/heads/origin/main refs/remotes/origin/main [18ms]
2024-08-01 16:59:07.737 [info] > git merge-base refs/heads/main refs/remotes/origin/main [2ms]
2024-08-01 16:59:07.748 [info] > git rev-list --count --left-right refs/heads/main...refs/remotes/origin/main [3ms]
2024-08-01 16:59:07.760 [info] > git diff --name-status -z --diff-filter=ADMR 8d4fd5c9cbd4603c33190bb9d70bbbf3ade80fb2...refs/remotes/origin/main [3ms]
2024-08-01 16:59:08.121 [info] > git config --local branch.main.github-pr-owner-number [143ms]
2024-08-01 16:59:08.121 [warning] git config failed: Failed to execute git
2024-08-01 16:59:29.928 [info] > git config --get commit.template [10ms]
2024-08-01 16:59:29.930 [info] > git for-each-ref --format=%(refname)%00%(upstream:short)%00%(objectname)%00%(upstream:track)%00%(upstream:remotename)%00%(upstream:remoteref) refs/heads/main refs/remotes/main [3ms]
2024-08-01 16:59:29.938 [warning] ENOENT: no such file or directory, open '/workspace/project/.git/refs/remotes/origin/main'
2024-08-01 16:59:29.940 [info] > git rev-parse refs/remotes/origin/main [2ms]
2024-08-01 16:59:29.950 [info] > git status -z -uall [3ms]
2024-08-01 16:59:29.962 [info] > git for-each-ref --format=%(refname)%00%(upstream:short)%00%(objectname)%00%(upstream:track)%00%(upstream:remotename)%00%(upstream:remoteref) refs/heads/main refs/remotes/main [4ms]
2024-08-01 16:59:29.970 [info] > git config --local branch.main.vscode-merge-base [1ms]
2024-08-01 16:59:29.981 [info] > git for-each-ref --format=%(refname)%00%(upstream:short)%00%(objectname)%00%(upstream:track)%00%(upstream:remotename)%00%(upstream:remoteref) refs/heads/origin/main refs/remotes/origin/main [2ms]
2024-08-01 17:03:39.670 [info] > git config --local branch.main.github-pr-owner-number [2ms]
2024-08-01 17:03:39.670 [warning] git config failed: Failed to execute git
2024-08-01 17:04:03.035 [info] > git show --textconv :examples.txt [6ms]
2024-08-01 17:04:03.036 [info] > git ls-files --stage -- /workspace/project/examples.txt [2ms]
2024-08-01 17:04:03.043 [info] > git cat-file -s 38fca33e9c47e7b82fff152efc3d40d56a56ff12 [2ms]
2024-08-01 17:04:09.143 [info] > git merge-base refs/heads/main refs/remotes/origin/main [3ms]
2024-08-01 17:04:09.152 [info] > git rev-list --count --left-right refs/heads/main...refs/remotes/origin/main [3ms]
2024-08-01 17:04:13.518 [info] > git check-ignore -v -z --stdin [5ms]
2024-08-01 17:08:39.679 [info] > git config --local branch.main.github-pr-owner-number [2ms]
2024-08-01 17:08:39.679 [warning] git config failed: Failed to execute git
2024-08-01 17:13:39.688 [info] > git config --local branch.main.github-pr-owner-number [2ms]
2024-08-01 17:13:39.688 [warning] git config failed: Failed to execute git
2024-08-01 17:14:24.827 [info] > git config --get commit.template [9ms]
2024-08-01 17:14:24.828 [info] > git for-each-ref --format=%(refname)%00%(upstream:short)%00%(objectname)%00%(upstream:track)%00%(upstream:remotename)%00%(upstream:remoteref) refs/heads/main refs/remotes/main [3ms]
2024-08-01 17:14:24.834 [warning] ENOENT: no such file or directory, open '/workspace/project/.git/refs/remotes/origin/main'
2024-08-01 17:14:24.836 [info] > git rev-parse refs/remotes/origin/main [2ms]
2024-08-01 17:14:24.844 [info] > git status -z -uall [3ms]
2024-08-01 17:14:24.854 [info] > git for-each-ref --format=%(refname)%00%(upstream:short)%00%(objectname)%00%(upstream:track)%00%(upstream:remotename)%00%(upstream:remoteref) refs/heads/main refs/remotes/main [3ms]
2024-08-01 17:14:24.863 [info] > git config --local branch.main.vscode-merge-base [1ms]
2024-08-01 17:14:24.870 [info] > git for-each-ref --format=%(refname)%00%(upstream:short)%00%(objectname)%00%(upstream:track)%00%(upstream:remotename)%00%(upstream:remoteref) refs/heads/origin/main refs/remotes/origin/main [2ms]
2024-08-01 17:14:34.147 [info] > git config --get commit.template [7ms]
2024-08-01 17:14:34.149 [info] > git for-each-ref --format=%(refname)%00%(upstream:short)%00%(objectname)%00%(upstream:track)%00%(upstream:remotename)%00%(upstream:remoteref) refs/heads/main refs/remotes/main [3ms]
2024-08-01 17:14:34.154 [warning] ENOENT: no such file or directory, open '/workspace/project/.git/refs/remotes/origin/main'
2024-08-01 17:14:34.155 [info] > git rev-parse refs/remotes/origin/main [1ms]
2024-08-01 17:14:34.162 [info] > git status -z -uall [2ms]
2024-08-01 17:14:34.170 [info] > git for-each-ref --format=%(refname)%00%(upstream:short)%00%(objectname)%00%(upstream:track)%00%(upstream:remotename)%00%(upstream:remoteref) refs/heads/main refs/remotes/main [2ms]
2024-08-01 17:14:34.177 [info] > git config --local branch.main.vscode-merge-base [2ms]
2024-08-01 17:14:34.184 [info] > git for-each-ref --format=%(refname)%00%(upstream:short)%00%(objectname)%00%(upstream:track)%00%(upstream:remotename)%00%(upstream:remoteref) refs/heads/origin/main refs/remotes/origin/main [2ms]
2024-08-01 17:14:34.656 [info] > git check-ignore -v -z --stdin [2ms]
2024-08-01 17:14:45.039 [info] > git config --get commit.template [5ms]
2024-08-01 17:14:45.041 [info] > git for-each-ref --format=%(refname)%00%(upstream:short)%00%(objectname)%00%(upstream:track)%00%(upstream:remotename)%00%(upstream:remoteref) refs/heads/main refs/remotes/main [2ms]
2024-08-01 17:14:45.046 [warning] ENOENT: no such file or directory, open '/workspace/project/.git/refs/remotes/origin/main'
2024-08-01 17:14:45.048 [info] > git rev-parse refs/remotes/origin/main [2ms]
2024-08-01 17:14:45.056 [info] > git status -z -uall [3ms]
2024-08-01 17:14:45.065 [info] > git for-each-ref --format=%(refname)%00%(upstream:short)%00%(objectname)%00%(upstream:track)%00%(upstream:remotename)%00%(upstream:remoteref) refs/heads/main refs/remotes/main [3ms]
2024-08-01 17:14:45.075 [info] > git config --local branch.main.vscode-merge-base [2ms]
2024-08-01 17:14:45.084 [info] > git for-each-ref --format=%(refname)%00%(upstream:short)%00%(objectname)%00%(upstream:track)%00%(upstream:remotename)%00%(upstream:remoteref) refs/heads/origin/main refs/remotes/origin/main [2ms]
2024-08-01 17:14:48.879 [info] > git show --textconv :salon.sh [5ms]
2024-08-01 17:14:48.881 [info] > git ls-files --stage -- /workspace/project/salon.sh [3ms]
2024-08-01 17:15:09.013 [info] > git config --get commit.template [6ms]
2024-08-01 17:15:09.015 [info] > git for-each-ref --format=%(refname)%00%(upstream:short)%00%(objectname)%00%(upstream:track)%00%(upstream:remotename)%00%(upstream:remoteref) refs/heads/main refs/remotes/main [3ms]
2024-08-01 17:15:09.019 [warning] ENOENT: no such file or directory, open '/workspace/project/.git/refs/remotes/origin/main'
2024-08-01 17:15:09.021 [info] > git rev-parse refs/remotes/origin/main [2ms]
2024-08-01 17:15:09.028 [info] > git status -z -uall [3ms]
2024-08-01 17:15:09.035 [info] > git for-each-ref --format=%(refname)%00%(upstream:short)%00%(objectname)%00%(upstream:track)%00%(upstream:remotename)%00%(upstream:remoteref) refs/heads/main refs/remotes/main [2ms]
2024-08-01 17:15:09.041 [info] > git config --local branch.main.vscode-merge-base [1ms]
2024-08-01 17:15:09.048 [info] > git for-each-ref --format=%(refname)%00%(upstream:short)%00%(objectname)%00%(upstream:track)%00%(upstream:remotename)%00%(upstream:remoteref) refs/heads/origin/main refs/remotes/origin/main [2ms]
2024-08-01 17:15:24.158 [info] > git config --get commit.template [7ms]
2024-08-01 17:15:24.160 [info] > git for-each-ref --format=%(refname)%00%(upstream:short)%00%(objectname)%00%(upstream:track)%00%(upstream:remotename)%00%(upstream:remoteref) refs/heads/main refs/remotes/main [2ms]
2024-08-01 17:15:24.165 [warning] ENOENT: no such file or directory, open '/workspace/project/.git/refs/remotes/origin/main'
2024-08-01 17:15:24.167 [info] > git rev-parse refs/remotes/origin/main [2ms]
2024-08-01 17:15:24.176 [info] > git status -z -uall [3ms]
2024-08-01 17:15:24.185 [info] > git for-each-ref --format=%(refname)%00%(upstream:short)%00%(objectname)%00%(upstream:track)%00%(upstream:remotename)%00%(upstream:remoteref) refs/heads/main refs/remotes/main [2ms]
2024-08-01 17:15:24.192 [info] > git config --local branch.main.vscode-merge-base [2ms]
2024-08-01 17:15:24.201 [info] > git for-each-ref --format=%(refname)%00%(upstream:short)%00%(objectname)%00%(upstream:track)%00%(upstream:remotename)%00%(upstream:remoteref) refs/heads/origin/main refs/remotes/origin/main [2ms]
2024-08-01 17:15:50.481 [info] > git config --get commit.template [7ms]
2024-08-01 17:15:50.484 [info] > git for-each-ref --format=%(refname)%00%(upstream:short)%00%(objectname)%00%(upstream:track)%00%(upstream:remotename)%00%(upstream:remoteref) refs/heads/main refs/remotes/main [3ms]
2024-08-01 17:15:50.490 [warning] ENOENT: no such file or directory, open '/workspace/project/.git/refs/remotes/origin/main'
2024-08-01 17:15:50.491 [info] > git rev-parse refs/remotes/origin/main [1ms]
2024-08-01 17:15:50.501 [info] > git status -z -uall [3ms]
2024-08-01 17:15:50.509 [info] > git for-each-ref --format=%(refname)%00%(upstream:short)%00%(objectname)%00%(upstream:track)%00%(upstream:remotename)%00%(upstream:remoteref) refs/heads/main refs/remotes/main [2ms]
2024-08-01 17:15:50.517 [info] > git config --local branch.main.vscode-merge-base [2ms]
2024-08-01 17:15:50.526 [info] > git for-each-ref --format=%(refname)%00%(upstream:short)%00%(objectname)%00%(upstream:track)%00%(upstream:remotename)%00%(upstream:remoteref) refs/heads/origin/main refs/remotes/origin/main [2ms]
2024-08-01 17:16:40.036 [info] > git config --get commit.template [10ms]
2024-08-01 17:16:40.037 [info] > git for-each-ref --format=%(refname)%00%(upstream:short)%00%(objectname)%00%(upstream:track)%00%(upstream:remotename)%00%(upstream:remoteref) refs/heads/main refs/remotes/main [4ms]
2024-08-01 17:16:40.046 [warning] ENOENT: no such file or directory, open '/workspace/project/.git/refs/remotes/origin/main'
2024-08-01 17:16:40.049 [info] > git rev-parse refs/remotes/origin/main [3ms]
2024-08-01 17:16:40.061 [info] > git status -z -uall [3ms]
2024-08-01 17:16:40.074 [info] > git for-each-ref --format=%(refname)%00%(upstream:short)%00%(objectname)%00%(upstream:track)%00%(upstream:remotename)%00%(upstream:remoteref) refs/heads/main refs/remotes/main [4ms]
2024-08-01 17:16:40.090 [info] > git config --local branch.main.vscode-merge-base [5ms]
2024-08-01 17:16:40.102 [info] > git for-each-ref --format=%(refname)%00%(upstream:short)%00%(objectname)%00%(upstream:track)%00%(upstream:remotename)%00%(upstream:remoteref) refs/heads/origin/main refs/remotes/origin/main [3ms]
2024-08-01 17:16:55.262 [info] > git config --get commit.template [7ms]
2024-08-01 17:16:55.264 [info] > git for-each-ref --format=%(refname)%00%(upstream:short)%00%(objectname)%00%(upstream:track)%00%(upstream:remotename)%00%(upstream:remoteref) refs/heads/main refs/remotes/main [3ms]
2024-08-01 17:16:55.270 [warning] ENOENT: no such file or directory, open '/workspace/project/.git/refs/remotes/origin/main'
2024-08-01 17:16:55.272 [info] > git rev-parse refs/remotes/origin/main [2ms]
2024-08-01 17:16:55.283 [info] > git status -z -uall [3ms]
2024-08-01 17:16:55.296 [info] > git for-each-ref --format=%(refname)%00%(upstream:short)%00%(objectname)%00%(upstream:track)%00%(upstream:remotename)%00%(upstream:remoteref) refs/heads/main refs/remotes/main [4ms]
2024-08-01 17:16:55.305 [info] > git config --local branch.main.vscode-merge-base [1ms]
2024-08-01 17:16:55.315 [info] > git for-each-ref --format=%(refname)%00%(upstream:short)%00%(objectname)%00%(upstream:track)%00%(upstream:remotename)%00%(upstream:remoteref) refs/heads/origin/main refs/remotes/origin/main [2ms]
2024-08-01 17:17:40.756 [info] > git config --get commit.template [6ms]
2024-08-01 17:17:40.758 [info] > git for-each-ref --format=%(refname)%00%(upstream:short)%00%(objectname)%00%(upstream:track)%00%(upstream:remotename)%00%(upstream:remoteref) refs/heads/main refs/remotes/main [3ms]
2024-08-01 17:17:40.763 [warning] ENOENT: no such file or directory, open '/workspace/project/.git/refs/remotes/origin/main'
2024-08-01 17:17:40.764 [info] > git rev-parse refs/remotes/origin/main [1ms]
2024-08-01 17:17:40.772 [info] > git status -z -uall [3ms]
2024-08-01 17:17:40.780 [info] > git for-each-ref --format=%(refname)%00%(upstream:short)%00%(objectname)%00%(upstream:track)%00%(upstream:remotename)%00%(upstream:remoteref) refs/heads/main refs/remotes/main [3ms]
2024-08-01 17:17:40.787 [info] > git config --local branch.main.vscode-merge-base [1ms]
2024-08-01 17:17:40.795 [info] > git for-each-ref --format=%(refname)%00%(upstream:short)%00%(objectname)%00%(upstream:track)%00%(upstream:remotename)%00%(upstream:remoteref) refs/heads/origin/main refs/remotes/origin/main [2ms]
2024-08-01 17:17:48.156 [info] > git config --get commit.template [5ms]
2024-08-01 17:17:48.158 [info] > git for-each-ref --format=%(refname)%00%(upstream:short)%00%(objectname)%00%(upstream:track)%00%(upstream:remotename)%00%(upstream:remoteref) refs/heads/main refs/remotes/main [2ms]
2024-08-01 17:17:48.163 [warning] ENOENT: no such file or directory, open '/workspace/project/.git/refs/remotes/origin/main'
2024-08-01 17:17:48.165 [info] > git rev-parse refs/remotes/origin/main [2ms]
2024-08-01 17:17:48.173 [info] > git status -z -uall [2ms]
2024-08-01 17:17:48.183 [info] > git for-each-ref --format=%(refname)%00%(upstream:short)%00%(objectname)%00%(upstream:track)%00%(upstream:remotename)%00%(upstream:remoteref) refs/heads/main refs/remotes/main [3ms]
2024-08-01 17:17:48.189 [info] > git config --local branch.main.vscode-merge-base [1ms]
2024-08-01 17:17:48.197 [info] > git for-each-ref --format=%(refname)%00%(upstream:short)%00%(objectname)%00%(upstream:track)%00%(upstream:remotename)%00%(upstream:remoteref) refs/heads/origin/main refs/remotes/origin/main [2ms]
2024-08-01 17:17:59.075 [info] > git config --get commit.template [6ms]
2024-08-01 17:17:59.078 [info] > git for-each-ref --format=%(refname)%00%(upstream:short)%00%(objectname)%00%(upstream:track)%00%(upstream:remotename)%00%(upstream:remoteref) refs/heads/main refs/remotes/main [2ms]
2024-08-01 17:17:59.082 [warning] ENOENT: no such file or directory, open '/workspace/project/.git/refs/remotes/origin/main'
2024-08-01 17:17:59.084 [info] > git rev-parse refs/remotes/origin/main [2ms]
2024-08-01 17:17:59.092 [info] > git status -z -uall [3ms]
2024-08-01 17:17:59.099 [info] > git for-each-ref --format=%(refname)%00%(upstream:short)%00%(objectname)%00%(upstream:track)%00%(upstream:remotename)%00%(upstream:remoteref) refs/heads/main refs/remotes/main [2ms]
2024-08-01 17:17:59.106 [info] > git config --local branch.main.vscode-merge-base [1ms]
2024-08-01 17:17:59.114 [info] > git for-each-ref --format=%(refname)%00%(upstream:short)%00%(objectname)%00%(upstream:track)%00%(upstream:remotename)%00%(upstream:remoteref) refs/heads/origin/main refs/remotes/origin/main [2ms]
2024-08-01 17:18:26.148 [info] > git show --textconv :salon.sh [5ms]
2024-08-01 17:18:26.150 [info] > git ls-files --stage -- /workspace/project/salon.sh [1ms]
2024-08-01 17:18:39.697 [info] > git config --local branch.main.github-pr-owner-number [2ms]
2024-08-01 17:18:39.697 [warning] git config failed: Failed to execute git
2024-08-01 17:18:47.977 [info] > git config --get commit.template [7ms]
2024-08-01 17:18:47.979 [info] > git for-each-ref --format=%(refname)%00%(upstream:short)%00%(objectname)%00%(upstream:track)%00%(upstream:remotename)%00%(upstream:remoteref) refs/heads/main refs/remotes/main [3ms]
2024-08-01 17:18:47.984 [warning] ENOENT: no such file or directory, open '/workspace/project/.git/refs/remotes/origin/main'
2024-08-01 17:18:47.986 [info] > git rev-parse refs/remotes/origin/main [2ms]
2024-08-01 17:18:47.995 [info] > git status -z -uall [2ms]
2024-08-01 17:18:48.005 [info] > git for-each-ref --format=%(refname)%00%(upstream:short)%00%(objectname)%00%(upstream:track)%00%(upstream:remotename)%00%(upstream:remoteref) refs/heads/main refs/remotes/main [3ms]
2024-08-01 17:18:48.013 [info] > git config --local branch.main.vscode-merge-base [1ms]
2024-08-01 17:18:48.021 [info] > git for-each-ref --format=%(refname)%00%(upstream:short)%00%(objectname)%00%(upstream:track)%00%(upstream:remotename)%00%(upstream:remoteref) refs/heads/origin/main refs/remotes/origin/main [1ms]
2024-08-01 17:18:53.015 [info] > git config --get commit.template [6ms]
2024-08-01 17:18:53.017 [info] > git for-each-ref --format=%(refname)%00%(upstream:short)%00%(objectname)%00%(upstream:track)%00%(upstream:remotename)%00%(upstream:remoteref) refs/heads/main refs/remotes/main [3ms]
2024-08-01 17:18:53.022 [warning] ENOENT: no such file or directory, open '/workspace/project/.git/refs/remotes/origin/main'
2024-08-01 17:18:53.023 [info] > git rev-parse refs/remotes/origin/main [1ms]
2024-08-01 17:18:53.031 [info] > git status -z -uall [3ms]
2024-08-01 17:18:53.039 [info] > git for-each-ref --format=%(refname)%00%(upstream:short)%00%(objectname)%00%(upstream:track)%00%(upstream:remotename)%00%(upstream:remoteref) refs/heads/main refs/remotes/main [2ms]
2024-08-01 17:18:53.047 [info] > git config --local branch.main.vscode-merge-base [2ms]
2024-08-01 17:18:53.054 [info] > git for-each-ref --format=%(refname)%00%(upstream:short)%00%(objectname)%00%(upstream:track)%00%(upstream:remotename)%00%(upstream:remoteref) refs/heads/origin/main refs/remotes/origin/main [2ms]
2024-08-01 17:18:55.440 [info] > git ls-files --stage -- /workspace/project/salon.sh [2ms]
2024-08-01 17:18:55.703 [info] > git show --textconv :salon.sh [2ms]
2024-08-01 17:18:58.052 [info] > git config --get commit.template [7ms]
2024-08-01 17:18:58.054 [info] > git for-each-ref --format=%(refname)%00%(upstream:short)%00%(objectname)%00%(upstream:track)%00%(upstream:remotename)%00%(upstream:remoteref) refs/heads/main refs/remotes/main [2ms]
2024-08-01 17:18:58.060 [warning] ENOENT: no such file or directory, open '/workspace/project/.git/refs/remotes/origin/main'
2024-08-01 17:18:58.061 [info] > git rev-parse refs/remotes/origin/main [1ms]
2024-08-01 17:18:58.071 [info] > git status -z -uall [2ms]
2024-08-01 17:18:58.194 [info] > git for-each-ref --format=%(refname)%00%(upstream:short)%00%(objectname)%00%(upstream:track)%00%(upstream:remotename)%00%(upstream:remoteref) refs/heads/main refs/remotes/main [115ms]
2024-08-01 17:18:58.202 [info] > git config --local branch.main.vscode-merge-base [2ms]
2024-08-01 17:18:58.214 [info] > git for-each-ref --format=%(refname)%00%(upstream:short)%00%(objectname)%00%(upstream:track)%00%(upstream:remotename)%00%(upstream:remoteref) refs/heads/origin/main refs/remotes/origin/main [7ms]
2024-08-01 17:18:58.227 [info] > git merge-base refs/heads/main refs/remotes/origin/main [7ms]
2024-08-01 17:18:58.237 [info] > git rev-list --count --left-right refs/heads/main...refs/remotes/origin/main [4ms]
2024-08-01 17:18:58.246 [info] > git diff --name-status -z --diff-filter=ADMR 8d4fd5c9cbd4603c33190bb9d70bbbf3ade80fb2...refs/remotes/origin/main [2ms]
2024-08-01 17:18:58.576 [info] > git config --local branch.main.github-pr-owner-number [100ms]
2024-08-01 17:18:58.576 [warning] git config failed: Failed to execute git
