2024-08-01 17:20:20.130 [info] Log level: Info
2024-08-01 17:20:20.130 [info] Validating found git in: "git"
2024-08-01 17:20:20.130 [info] Using git "2.43.0" from "git"
2024-08-01 17:20:20.130 [info] > git rev-parse --show-toplevel [2ms]
2024-08-01 17:20:20.130 [info] fatal: not a git repository (or any parent up to mount point /)
Stopping at filesystem boundary (GIT_DISCOVERY_ACROSS_FILESYSTEM not set).
2024-08-01 17:20:20.130 [info] > git rev-parse --show-toplevel [67ms]
2024-08-01 17:20:20.130 [info] fatal: not a git repository (or any parent up to mount point /)
Stopping at filesystem boundary (GIT_DISCOVERY_ACROSS_FILESYSTEM not set).
2024-08-01 17:20:20.130 [info] > git rev-parse --show-toplevel [29ms]
2024-08-01 17:20:20.130 [info] fatal: not a git repository (or any parent up to mount point /)
Stopping at filesystem boundary (GIT_DISCOVERY_ACROSS_FILESYSTEM not set).
2024-08-01 17:20:22.689 [info] > git rev-parse --show-toplevel [2ms]
2024-08-01 17:20:22.699 [info] > git rev-parse --git-dir --git-common-dir [1ms]
2024-08-01 17:20:22.712 [info] Open repository: /workspace/.vscode-remote
2024-08-01 17:20:22.729 [info] > git config --get commit.template [5ms]
2024-08-01 17:20:22.739 [info] > git for-each-ref --format=%(refname)%00%(upstream:short)%00%(objectname)%00%(upstream:track)%00%(upstream:remotename)%00%(upstream:remoteref) refs/heads/master refs/remotes/master [5ms]
2024-08-01 17:20:22.739 [warning] No such branch: master.
2024-08-01 17:20:22.752 [info] > git status -z -uall [7ms]
2024-08-01 17:20:22.772 [info] > git for-each-ref --format=%(refname)%00%(upstream:short)%00%(objectname)%00%(upstream:track)%00%(upstream:remotename)%00%(upstream:remoteref) refs/heads/master refs/remotes/master [12ms]
2024-08-01 17:20:22.782 [info] > git config --local branch.master.vscode-merge-base [4ms]
2024-08-01 17:20:22.782 [warning] git config failed: Failed to execute git
2024-08-01 17:20:22.787 [info] > git config --get commit.template [15ms]
2024-08-01 17:20:22.793 [info] > git reflog master --grep-reflog=branch: Created from *. [6ms]
2024-08-01 17:20:22.800 [info] > git for-each-ref --format=%(refname)%00%(upstream:short)%00%(objectname)%00%(upstream:track)%00%(upstream:remotename)%00%(upstream:remoteref) refs/heads/master refs/remotes/master [7ms]
2024-08-01 17:20:22.822 [info] > git status -z -uall [17ms]
2024-08-01 17:20:22.831 [info] > git symbolic-ref --short refs/remotes/origin/HEAD [32ms]
2024-08-01 17:20:22.832 [info] fatal: ref refs/remotes/origin/HEAD is not a symbolic ref
2024-08-01 17:20:22.833 [info] > git for-each-ref --format=%(refname)%00%(upstream:short)%00%(objectname)%00%(upstream:track)%00%(upstream:remotename)%00%(upstream:remoteref) refs/heads/master refs/remotes/master [4ms]
2024-08-01 17:20:22.852 [info] > git config --local branch.master.vscode-merge-base [14ms]
2024-08-01 17:20:22.852 [warning] git config failed: Failed to execute git
2024-08-01 17:20:22.889 [info] > git reflog master --grep-reflog=branch: Created from *. [32ms]
2024-08-01 17:20:22.896 [info] > git symbolic-ref --short refs/remotes/origin/HEAD [1ms]
2024-08-01 17:20:22.897 [info] fatal: ref refs/remotes/origin/HEAD is not a symbolic ref
2024-08-01 17:20:22.984 [info] > git config --local branch.master.github-pr-owner-number [2ms]
2024-08-01 17:20:22.984 [warning] git config failed: Failed to execute git
2024-08-01 17:20:22.992 [info] > git config --local branch.master.remote [1ms]
2024-08-01 17:20:22.992 [warning] git config failed: Failed to execute git
2024-08-01 17:20:23.011 [info] > git config --local branch.master.merge [14ms]
2024-08-01 17:20:23.011 [warning] git config failed: Failed to execute git
2024-08-01 17:20:23.696 [info] > git check-ignore -v -z --stdin [1ms]
2024-08-01 17:20:31.699 [info] > git config --get commit.template [6ms]
2024-08-01 17:20:31.701 [info] > git for-each-ref --format=%(refname)%00%(upstream:short)%00%(objectname)%00%(upstream:track)%00%(upstream:remotename)%00%(upstream:remoteref) refs/heads/master refs/remotes/master [2ms]
2024-08-01 17:20:31.709 [info] > git status -z -uall [4ms]
2024-08-01 17:20:31.723 [info] > git for-each-ref --format=%(refname)%00%(upstream:short)%00%(objectname)%00%(upstream:track)%00%(upstream:remotename)%00%(upstream:remoteref) refs/heads/master refs/remotes/master [9ms]
2024-08-01 17:20:31.729 [info] > git config --local branch.master.github-pr-owner-number [6ms]
2024-08-01 17:20:31.729 [warning] git config failed: Failed to execute git
2024-08-01 17:20:31.735 [info] > git config --local branch.master.vscode-merge-base [7ms]
2024-08-01 17:20:31.735 [warning] git config failed: Failed to execute git
2024-08-01 17:20:31.739 [info] > git config --local branch.master.remote [5ms]
2024-08-01 17:20:31.739 [warning] git config failed: Failed to execute git
2024-08-01 17:20:31.745 [info] > git reflog master --grep-reflog=branch: Created from *. [6ms]
2024-08-01 17:20:31.750 [info] > git config --local branch.master.merge [6ms]
2024-08-01 17:20:31.750 [warning] git config failed: Failed to execute git
2024-08-01 17:20:31.752 [info] > git symbolic-ref --short refs/remotes/origin/HEAD [3ms]
2024-08-01 17:20:31.752 [info] fatal: ref refs/remotes/origin/HEAD is not a symbolic ref
2024-08-01 17:20:36.731 [info] > git config --get commit.template [6ms]
2024-08-01 17:20:36.732 [info] > git for-each-ref --format=%(refname)%00%(upstream:short)%00%(objectname)%00%(upstream:track)%00%(upstream:remotename)%00%(upstream:remoteref) refs/heads/master refs/remotes/master [2ms]
2024-08-01 17:20:36.742 [info] > git status -z -uall [4ms]
2024-08-01 17:20:36.751 [info] > git for-each-ref --format=%(refname)%00%(upstream:short)%00%(objectname)%00%(upstream:track)%00%(upstream:remotename)%00%(upstream:remoteref) refs/heads/master refs/remotes/master [2ms]
2024-08-01 17:20:36.757 [info] > git config --local branch.master.vscode-merge-base [1ms]
2024-08-01 17:20:36.757 [warning] git config failed: Failed to execute git
2024-08-01 17:20:36.764 [info] > git reflog master --grep-reflog=branch: Created from *. [2ms]
2024-08-01 17:20:36.771 [info] > git symbolic-ref --short refs/remotes/origin/HEAD [2ms]
2024-08-01 17:20:36.771 [info] fatal: ref refs/remotes/origin/HEAD is not a symbolic ref
2024-08-01 17:20:41.764 [info] > git config --get commit.template [5ms]
2024-08-01 17:20:41.765 [info] > git for-each-ref --format=%(refname)%00%(upstream:short)%00%(objectname)%00%(upstream:track)%00%(upstream:remotename)%00%(upstream:remoteref) refs/heads/master refs/remotes/master [2ms]
2024-08-01 17:20:41.775 [info] > git status -z -uall [4ms]
2024-08-01 17:20:41.782 [info] > git for-each-ref --format=%(refname)%00%(upstream:short)%00%(objectname)%00%(upstream:track)%00%(upstream:remotename)%00%(upstream:remoteref) refs/heads/master refs/remotes/master [2ms]
2024-08-01 17:20:41.788 [info] > git config --local branch.master.vscode-merge-base [1ms]
2024-08-01 17:20:41.788 [warning] git config failed: Failed to execute git
2024-08-01 17:20:41.795 [info] > git reflog master --grep-reflog=branch: Created from *. [2ms]
2024-08-01 17:20:41.802 [info] > git symbolic-ref --short refs/remotes/origin/HEAD [2ms]
2024-08-01 17:20:41.802 [info] fatal: ref refs/remotes/origin/HEAD is not a symbolic ref
2024-08-01 17:20:46.794 [info] > git config --get commit.template [7ms]
2024-08-01 17:20:46.796 [info] > git for-each-ref --format=%(refname)%00%(upstream:short)%00%(objectname)%00%(upstream:track)%00%(upstream:remotename)%00%(upstream:remoteref) refs/heads/master refs/remotes/master [3ms]
2024-08-01 17:20:46.805 [info] > git status -z -uall [3ms]
2024-08-01 17:20:46.814 [info] > git for-each-ref --format=%(refname)%00%(upstream:short)%00%(objectname)%00%(upstream:track)%00%(upstream:remotename)%00%(upstream:remoteref) refs/heads/master refs/remotes/master [2ms]
2024-08-01 17:20:46.821 [info] > git config --local branch.master.vscode-merge-base [2ms]
2024-08-01 17:20:46.821 [warning] git config failed: Failed to execute git
2024-08-01 17:20:46.828 [info] > git reflog master --grep-reflog=branch: Created from *. [2ms]
2024-08-01 17:20:46.834 [info] > git symbolic-ref --short refs/remotes/origin/HEAD [2ms]
2024-08-01 17:20:46.834 [info] fatal: ref refs/remotes/origin/HEAD is not a symbolic ref
2024-08-01 17:20:51.825 [info] > git config --get commit.template [5ms]
2024-08-01 17:20:51.827 [info] > git for-each-ref --format=%(refname)%00%(upstream:short)%00%(objectname)%00%(upstream:track)%00%(upstream:remotename)%00%(upstream:remoteref) refs/heads/master refs/remotes/master [2ms]
2024-08-01 17:20:51.836 [info] > git status -z -uall [4ms]
2024-08-01 17:20:51.846 [info] > git for-each-ref --format=%(refname)%00%(upstream:short)%00%(objectname)%00%(upstream:track)%00%(upstream:remotename)%00%(upstream:remoteref) refs/heads/master refs/remotes/master [3ms]
2024-08-01 17:20:51.853 [info] > git config --local branch.master.vscode-merge-base [1ms]
2024-08-01 17:20:51.853 [warning] git config failed: Failed to execute git
2024-08-01 17:20:51.861 [info] > git reflog master --grep-reflog=branch: Created from *. [2ms]
2024-08-01 17:20:51.868 [info] > git symbolic-ref --short refs/remotes/origin/HEAD [2ms]
2024-08-01 17:20:51.868 [info] fatal: ref refs/remotes/origin/HEAD is not a symbolic ref
2024-08-01 17:20:56.857 [info] > git config --get commit.template [5ms]
2024-08-01 17:20:56.859 [info] > git for-each-ref --format=%(refname)%00%(upstream:short)%00%(objectname)%00%(upstream:track)%00%(upstream:remotename)%00%(upstream:remoteref) refs/heads/master refs/remotes/master [2ms]
2024-08-01 17:20:56.867 [info] > git status -z -uall [4ms]
2024-08-01 17:20:56.874 [info] > git for-each-ref --format=%(refname)%00%(upstream:short)%00%(objectname)%00%(upstream:track)%00%(upstream:remotename)%00%(upstream:remoteref) refs/heads/master refs/remotes/master [2ms]
2024-08-01 17:20:56.880 [info] > git config --local branch.master.vscode-merge-base [1ms]
2024-08-01 17:20:56.880 [warning] git config failed: Failed to execute git
2024-08-01 17:20:56.886 [info] > git reflog master --grep-reflog=branch: Created from *. [2ms]
2024-08-01 17:20:56.892 [info] > git symbolic-ref --short refs/remotes/origin/HEAD [1ms]
2024-08-01 17:20:56.892 [info] fatal: ref refs/remotes/origin/HEAD is not a symbolic ref
2024-08-01 17:21:22.422 [info] > git config --get commit.template [6ms]
2024-08-01 17:21:22.424 [info] > git for-each-ref --format=%(refname)%00%(upstream:short)%00%(objectname)%00%(upstream:track)%00%(upstream:remotename)%00%(upstream:remoteref) refs/heads/master refs/remotes/master [2ms]
2024-08-01 17:21:22.432 [info] > git status -z -uall [4ms]
2024-08-01 17:21:22.440 [info] > git for-each-ref --format=%(refname)%00%(upstream:short)%00%(objectname)%00%(upstream:track)%00%(upstream:remotename)%00%(upstream:remoteref) refs/heads/master refs/remotes/master [2ms]
2024-08-01 17:21:22.447 [info] > git config --local branch.master.vscode-merge-base [1ms]
2024-08-01 17:21:22.447 [warning] git config failed: Failed to execute git
2024-08-01 17:21:22.454 [info] > git reflog master --grep-reflog=branch: Created from *. [2ms]
2024-08-01 17:21:22.461 [info] > git symbolic-ref --short refs/remotes/origin/HEAD [2ms]
2024-08-01 17:21:22.461 [info] fatal: ref refs/remotes/origin/HEAD is not a symbolic ref
2024-08-01 17:21:26.249 [info] > git check-ignore -v -z --stdin [2ms]
2024-08-01 17:21:52.729 [info] > git config --get commit.template [6ms]
2024-08-01 17:21:52.730 [info] > git for-each-ref --format=%(refname)%00%(upstream:short)%00%(objectname)%00%(upstream:track)%00%(upstream:remotename)%00%(upstream:remoteref) refs/heads/master refs/remotes/master [2ms]
2024-08-01 17:21:52.738 [info] > git status -z -uall [3ms]
2024-08-01 17:21:52.746 [info] > git for-each-ref --format=%(refname)%00%(upstream:short)%00%(objectname)%00%(upstream:track)%00%(upstream:remotename)%00%(upstream:remoteref) refs/heads/master refs/remotes/master [3ms]
2024-08-01 17:21:52.752 [info] > git config --local branch.master.vscode-merge-base [1ms]
2024-08-01 17:21:52.752 [warning] git config failed: Failed to execute git
2024-08-01 17:21:52.759 [info] > git reflog master --grep-reflog=branch: Created from *. [2ms]
2024-08-01 17:21:52.765 [info] > git symbolic-ref --short refs/remotes/origin/HEAD [1ms]
2024-08-01 17:21:52.765 [info] fatal: ref refs/remotes/origin/HEAD is not a symbolic ref
2024-08-01 17:22:01.075 [info] > git config --get commit.template [7ms]
2024-08-01 17:22:01.076 [info] > git for-each-ref --format=%(refname)%00%(upstream:short)%00%(objectname)%00%(upstream:track)%00%(upstream:remotename)%00%(upstream:remoteref) refs/heads/master refs/remotes/master [2ms]
2024-08-01 17:22:01.084 [info] > git status -z -uall [3ms]
2024-08-01 17:22:01.093 [info] > git for-each-ref --format=%(refname)%00%(upstream:short)%00%(objectname)%00%(upstream:track)%00%(upstream:remotename)%00%(upstream:remoteref) refs/heads/master refs/remotes/master [3ms]
2024-08-01 17:22:01.099 [info] > git config --local branch.master.vscode-merge-base [1ms]
2024-08-01 17:22:01.099 [warning] git config failed: Failed to execute git
2024-08-01 17:22:01.107 [info] > git reflog master --grep-reflog=branch: Created from *. [3ms]
2024-08-01 17:22:01.114 [info] > git symbolic-ref --short refs/remotes/origin/HEAD [2ms]
2024-08-01 17:22:01.114 [info] fatal: ref refs/remotes/origin/HEAD is not a symbolic ref
2024-08-01 17:22:06.106 [info] > git config --get commit.template [6ms]
2024-08-01 17:22:06.108 [info] > git for-each-ref --format=%(refname)%00%(upstream:short)%00%(objectname)%00%(upstream:track)%00%(upstream:remotename)%00%(upstream:remoteref) refs/heads/master refs/remotes/master [2ms]
2024-08-01 17:22:06.117 [info] > git status -z -uall [4ms]
2024-08-01 17:22:06.126 [info] > git for-each-ref --format=%(refname)%00%(upstream:short)%00%(objectname)%00%(upstream:track)%00%(upstream:remotename)%00%(upstream:remoteref) refs/heads/master refs/remotes/master [2ms]
2024-08-01 17:22:06.134 [info] > git config --local branch.master.vscode-merge-base [1ms]
2024-08-01 17:22:06.135 [warning] git config failed: Failed to execute git
2024-08-01 17:22:06.143 [info] > git reflog master --grep-reflog=branch: Created from *. [3ms]
2024-08-01 17:22:06.150 [info] > git symbolic-ref --short refs/remotes/origin/HEAD [2ms]
2024-08-01 17:22:06.150 [info] fatal: ref refs/remotes/origin/HEAD is not a symbolic ref
2024-08-01 17:22:11.139 [info] > git config --get commit.template [7ms]
2024-08-01 17:22:11.141 [info] > git for-each-ref --format=%(refname)%00%(upstream:short)%00%(objectname)%00%(upstream:track)%00%(upstream:remotename)%00%(upstream:remoteref) refs/heads/master refs/remotes/master [2ms]
2024-08-01 17:22:11.149 [info] > git status -z -uall [4ms]
2024-08-01 17:22:11.157 [info] > git for-each-ref --format=%(refname)%00%(upstream:short)%00%(objectname)%00%(upstream:track)%00%(upstream:remotename)%00%(upstream:remoteref) refs/heads/master refs/remotes/master [2ms]
2024-08-01 17:22:11.163 [info] > git config --local branch.master.vscode-merge-base [2ms]
2024-08-01 17:22:11.163 [warning] git config failed: Failed to execute git
2024-08-01 17:22:11.170 [info] > git reflog master --grep-reflog=branch: Created from *. [2ms]
2024-08-01 17:22:11.176 [info] > git symbolic-ref --short refs/remotes/origin/HEAD [1ms]
2024-08-01 17:22:11.176 [info] fatal: ref refs/remotes/origin/HEAD is not a symbolic ref
2024-08-01 17:22:16.169 [info] > git config --get commit.template [6ms]
2024-08-01 17:22:16.172 [info] > git for-each-ref --format=%(refname)%00%(upstream:short)%00%(objectname)%00%(upstream:track)%00%(upstream:remotename)%00%(upstream:remoteref) refs/heads/master refs/remotes/master [2ms]
2024-08-01 17:22:16.180 [info] > git status -z -uall [3ms]
2024-08-01 17:22:16.189 [info] > git for-each-ref --format=%(refname)%00%(upstream:short)%00%(objectname)%00%(upstream:track)%00%(upstream:remotename)%00%(upstream:remoteref) refs/heads/master refs/remotes/master [3ms]
2024-08-01 17:22:16.197 [info] > git config --local branch.master.vscode-merge-base [2ms]
2024-08-01 17:22:16.197 [warning] git config failed: Failed to execute git
2024-08-01 17:22:16.205 [info] > git reflog master --grep-reflog=branch: Created from *. [3ms]
2024-08-01 17:22:16.213 [info] > git symbolic-ref --short refs/remotes/origin/HEAD [1ms]
2024-08-01 17:22:16.213 [info] fatal: ref refs/remotes/origin/HEAD is not a symbolic ref
2024-08-01 17:22:21.201 [info] > git config --get commit.template [6ms]
2024-08-01 17:22:21.202 [info] > git for-each-ref --format=%(refname)%00%(upstream:short)%00%(objectname)%00%(upstream:track)%00%(upstream:remotename)%00%(upstream:remoteref) refs/heads/master refs/remotes/master [2ms]
2024-08-01 17:22:21.211 [info] > git status -z -uall [3ms]
2024-08-01 17:22:21.219 [info] > git for-each-ref --format=%(refname)%00%(upstream:short)%00%(objectname)%00%(upstream:track)%00%(upstream:remotename)%00%(upstream:remoteref) refs/heads/master refs/remotes/master [2ms]
2024-08-01 17:22:21.225 [info] > git config --local branch.master.vscode-merge-base [2ms]
2024-08-01 17:22:21.225 [warning] git config failed: Failed to execute git
2024-08-01 17:22:21.234 [info] > git reflog master --grep-reflog=branch: Created from *. [3ms]
2024-08-01 17:22:21.241 [info] > git symbolic-ref --short refs/remotes/origin/HEAD [2ms]
2024-08-01 17:22:21.241 [info] fatal: ref refs/remotes/origin/HEAD is not a symbolic ref
2024-08-01 17:22:26.232 [info] > git config --get commit.template [7ms]
2024-08-01 17:22:26.233 [info] > git for-each-ref --format=%(refname)%00%(upstream:short)%00%(objectname)%00%(upstream:track)%00%(upstream:remotename)%00%(upstream:remoteref) refs/heads/master refs/remotes/master [2ms]
2024-08-01 17:22:26.241 [info] > git status -z -uall [4ms]
2024-08-01 17:22:26.248 [info] > git for-each-ref --format=%(refname)%00%(upstream:short)%00%(objectname)%00%(upstream:track)%00%(upstream:remotename)%00%(upstream:remoteref) refs/heads/master refs/remotes/master [2ms]
2024-08-01 17:22:26.254 [info] > git config --local branch.master.vscode-merge-base [1ms]
2024-08-01 17:22:26.255 [warning] git config failed: Failed to execute git
2024-08-01 17:22:26.262 [info] > git reflog master --grep-reflog=branch: Created from *. [3ms]
2024-08-01 17:22:26.268 [info] > git symbolic-ref --short refs/remotes/origin/HEAD [2ms]
2024-08-01 17:22:26.268 [info] fatal: ref refs/remotes/origin/HEAD is not a symbolic ref
2024-08-01 17:22:31.260 [info] > git config --get commit.template [6ms]
2024-08-01 17:22:31.262 [info] > git for-each-ref --format=%(refname)%00%(upstream:short)%00%(objectname)%00%(upstream:track)%00%(upstream:remotename)%00%(upstream:remoteref) refs/heads/master refs/remotes/master [3ms]
2024-08-01 17:22:31.271 [info] > git status -z -uall [4ms]
2024-08-01 17:22:31.278 [info] > git for-each-ref --format=%(refname)%00%(upstream:short)%00%(objectname)%00%(upstream:track)%00%(upstream:remotename)%00%(upstream:remoteref) refs/heads/master refs/remotes/master [2ms]
2024-08-01 17:22:31.284 [info] > git config --local branch.master.vscode-merge-base [1ms]
2024-08-01 17:22:31.284 [warning] git config failed: Failed to execute git
2024-08-01 17:22:31.291 [info] > git reflog master --grep-reflog=branch: Created from *. [2ms]
2024-08-01 17:22:31.297 [info] > git symbolic-ref --short refs/remotes/origin/HEAD [2ms]
2024-08-01 17:22:31.297 [info] fatal: ref refs/remotes/origin/HEAD is not a symbolic ref
2024-08-01 17:22:36.291 [info] > git config --get commit.template [6ms]
2024-08-01 17:22:36.292 [info] > git for-each-ref --format=%(refname)%00%(upstream:short)%00%(objectname)%00%(upstream:track)%00%(upstream:remotename)%00%(upstream:remoteref) refs/heads/master refs/remotes/master [2ms]
2024-08-01 17:22:36.301 [info] > git status -z -uall [5ms]
2024-08-01 17:22:36.309 [info] > git for-each-ref --format=%(refname)%00%(upstream:short)%00%(objectname)%00%(upstream:track)%00%(upstream:remotename)%00%(upstream:remoteref) refs/heads/master refs/remotes/master [3ms]
2024-08-01 17:22:36.315 [info] > git config --local branch.master.vscode-merge-base [1ms]
2024-08-01 17:22:36.315 [warning] git config failed: Failed to execute git
2024-08-01 17:22:36.323 [info] > git reflog master --grep-reflog=branch: Created from *. [2ms]
2024-08-01 17:22:36.330 [info] > git symbolic-ref --short refs/remotes/origin/HEAD [2ms]
2024-08-01 17:22:36.330 [info] fatal: ref refs/remotes/origin/HEAD is not a symbolic ref
2024-08-01 17:22:41.320 [info] > git config --get commit.template [6ms]
2024-08-01 17:22:41.321 [info] > git for-each-ref --format=%(refname)%00%(upstream:short)%00%(objectname)%00%(upstream:track)%00%(upstream:remotename)%00%(upstream:remoteref) refs/heads/master refs/remotes/master [1ms]
2024-08-01 17:22:41.328 [info] > git status -z -uall [3ms]
2024-08-01 17:22:41.335 [info] > git for-each-ref --format=%(refname)%00%(upstream:short)%00%(objectname)%00%(upstream:track)%00%(upstream:remotename)%00%(upstream:remoteref) refs/heads/master refs/remotes/master [2ms]
2024-08-01 17:22:41.341 [info] > git config --local branch.master.vscode-merge-base [2ms]
2024-08-01 17:22:41.341 [warning] git config failed: Failed to execute git
2024-08-01 17:22:41.348 [info] > git reflog master --grep-reflog=branch: Created from *. [2ms]
2024-08-01 17:22:41.354 [info] > git symbolic-ref --short refs/remotes/origin/HEAD [1ms]
2024-08-01 17:22:41.354 [info] fatal: ref refs/remotes/origin/HEAD is not a symbolic ref
2024-08-01 17:22:46.346 [info] > git config --get commit.template [6ms]
2024-08-01 17:22:46.347 [info] > git for-each-ref --format=%(refname)%00%(upstream:short)%00%(objectname)%00%(upstream:track)%00%(upstream:remotename)%00%(upstream:remoteref) refs/heads/master refs/remotes/master [2ms]
2024-08-01 17:22:46.355 [info] > git status -z -uall [4ms]
2024-08-01 17:22:46.362 [info] > git for-each-ref --format=%(refname)%00%(upstream:short)%00%(objectname)%00%(upstream:track)%00%(upstream:remotename)%00%(upstream:remoteref) refs/heads/master refs/remotes/master [3ms]
2024-08-01 17:22:46.368 [info] > git config --local branch.master.vscode-merge-base [1ms]
2024-08-01 17:22:46.368 [warning] git config failed: Failed to execute git
2024-08-01 17:22:46.375 [info] > git reflog master --grep-reflog=branch: Created from *. [2ms]
2024-08-01 17:22:46.381 [info] > git symbolic-ref --short refs/remotes/origin/HEAD [2ms]
2024-08-01 17:22:46.381 [info] fatal: ref refs/remotes/origin/HEAD is not a symbolic ref
2024-08-01 17:22:50.160 [info] > git show --textconv :salon.sh [5ms]
2024-08-01 17:22:50.162 [info] > git ls-files --stage -- /workspace/.vscode-remote/salon.sh [2ms]
2024-08-01 17:22:59.006 [info] > git config --get commit.template [5ms]
2024-08-01 17:22:59.008 [info] > git for-each-ref --format=%(refname)%00%(upstream:short)%00%(objectname)%00%(upstream:track)%00%(upstream:remotename)%00%(upstream:remoteref) refs/heads/master refs/remotes/master [2ms]
2024-08-01 17:22:59.016 [info] > git status -z -uall [4ms]
2024-08-01 17:22:59.024 [info] > git for-each-ref --format=%(refname)%00%(upstream:short)%00%(objectname)%00%(upstream:track)%00%(upstream:remotename)%00%(upstream:remoteref) refs/heads/master refs/remotes/master [2ms]
2024-08-01 17:22:59.030 [info] > git config --local branch.master.vscode-merge-base [2ms]
2024-08-01 17:22:59.030 [warning] git config failed: Failed to execute git
2024-08-01 17:22:59.037 [info] > git reflog master --grep-reflog=branch: Created from *. [2ms]
2024-08-01 17:22:59.044 [info] > git symbolic-ref --short refs/remotes/origin/HEAD [2ms]
2024-08-01 17:22:59.044 [info] fatal: ref refs/remotes/origin/HEAD is not a symbolic ref
2024-08-01 17:23:04.036 [info] > git config --get commit.template [6ms]
2024-08-01 17:23:04.037 [info] > git for-each-ref --format=%(refname)%00%(upstream:short)%00%(objectname)%00%(upstream:track)%00%(upstream:remotename)%00%(upstream:remoteref) refs/heads/master refs/remotes/master [1ms]
2024-08-01 17:23:04.045 [info] > git status -z -uall [3ms]
2024-08-01 17:23:04.053 [info] > git for-each-ref --format=%(refname)%00%(upstream:short)%00%(objectname)%00%(upstream:track)%00%(upstream:remotename)%00%(upstream:remoteref) refs/heads/master refs/remotes/master [2ms]
2024-08-01 17:23:04.059 [info] > git config --local branch.master.vscode-merge-base [1ms]
2024-08-01 17:23:04.059 [warning] git config failed: Failed to execute git
2024-08-01 17:23:04.066 [info] > git reflog master --grep-reflog=branch: Created from *. [2ms]
2024-08-01 17:23:04.074 [info] > git symbolic-ref --short refs/remotes/origin/HEAD [2ms]
2024-08-01 17:23:04.074 [info] fatal: ref refs/remotes/origin/HEAD is not a symbolic ref
2024-08-01 17:23:09.065 [info] > git config --get commit.template [7ms]
2024-08-01 17:23:09.066 [info] > git for-each-ref --format=%(refname)%00%(upstream:short)%00%(objectname)%00%(upstream:track)%00%(upstream:remotename)%00%(upstream:remoteref) refs/heads/master refs/remotes/master [2ms]
2024-08-01 17:23:09.074 [info] > git status -z -uall [3ms]
2024-08-01 17:23:09.081 [info] > git for-each-ref --format=%(refname)%00%(upstream:short)%00%(objectname)%00%(upstream:track)%00%(upstream:remotename)%00%(upstream:remoteref) refs/heads/master refs/remotes/master [2ms]
2024-08-01 17:23:09.087 [info] > git config --local branch.master.vscode-merge-base [1ms]
2024-08-01 17:23:09.087 [warning] git config failed: Failed to execute git
2024-08-01 17:23:09.094 [info] > git reflog master --grep-reflog=branch: Created from *. [2ms]
2024-08-01 17:23:09.100 [info] > git symbolic-ref --short refs/remotes/origin/HEAD [1ms]
2024-08-01 17:23:09.100 [info] fatal: ref refs/remotes/origin/HEAD is not a symbolic ref
2024-08-01 17:23:14.092 [info] > git config --get commit.template [6ms]
2024-08-01 17:23:14.093 [info] > git for-each-ref --format=%(refname)%00%(upstream:short)%00%(objectname)%00%(upstream:track)%00%(upstream:remotename)%00%(upstream:remoteref) refs/heads/master refs/remotes/master [2ms]
2024-08-01 17:23:14.103 [info] > git status -z -uall [4ms]
2024-08-01 17:23:14.111 [info] > git for-each-ref --format=%(refname)%00%(upstream:short)%00%(objectname)%00%(upstream:track)%00%(upstream:remotename)%00%(upstream:remoteref) refs/heads/master refs/remotes/master [3ms]
2024-08-01 17:23:14.119 [info] > git config --local branch.master.vscode-merge-base [2ms]
2024-08-01 17:23:14.119 [warning] git config failed: Failed to execute git
2024-08-01 17:23:14.127 [info] > git reflog master --grep-reflog=branch: Created from *. [3ms]
2024-08-01 17:23:14.134 [info] > git symbolic-ref --short refs/remotes/origin/HEAD [2ms]
2024-08-01 17:23:14.134 [info] fatal: ref refs/remotes/origin/HEAD is not a symbolic ref
2024-08-01 17:23:30.969 [info] > git config --get commit.template [6ms]
2024-08-01 17:23:30.970 [info] > git for-each-ref --format=%(refname)%00%(upstream:short)%00%(objectname)%00%(upstream:track)%00%(upstream:remotename)%00%(upstream:remoteref) refs/heads/master refs/remotes/master [3ms]
2024-08-01 17:23:30.978 [info] > git status -z -uall [3ms]
2024-08-01 17:23:30.985 [info] > git for-each-ref --format=%(refname)%00%(upstream:short)%00%(objectname)%00%(upstream:track)%00%(upstream:remotename)%00%(upstream:remoteref) refs/heads/master refs/remotes/master [2ms]
2024-08-01 17:23:30.992 [info] > git config --local branch.master.vscode-merge-base [2ms]
2024-08-01 17:23:30.992 [warning] git config failed: Failed to execute git
2024-08-01 17:23:31.000 [info] > git reflog master --grep-reflog=branch: Created from *. [2ms]
2024-08-01 17:23:31.006 [info] > git symbolic-ref --short refs/remotes/origin/HEAD [1ms]
2024-08-01 17:23:31.006 [info] fatal: ref refs/remotes/origin/HEAD is not a symbolic ref
2024-08-01 17:23:35.996 [info] > git config --get commit.template [5ms]
2024-08-01 17:23:35.997 [info] > git for-each-ref --format=%(refname)%00%(upstream:short)%00%(objectname)%00%(upstream:track)%00%(upstream:remotename)%00%(upstream:remoteref) refs/heads/master refs/remotes/master [2ms]
2024-08-01 17:23:36.004 [info] > git status -z -uall [3ms]
2024-08-01 17:23:36.012 [info] > git for-each-ref --format=%(refname)%00%(upstream:short)%00%(objectname)%00%(upstream:track)%00%(upstream:remotename)%00%(upstream:remoteref) refs/heads/master refs/remotes/master [3ms]
2024-08-01 17:23:36.017 [info] > git config --local branch.master.vscode-merge-base [1ms]
2024-08-01 17:23:36.017 [warning] git config failed: Failed to execute git
2024-08-01 17:23:36.024 [info] > git reflog master --grep-reflog=branch: Created from *. [2ms]
2024-08-01 17:23:36.029 [info] > git symbolic-ref --short refs/remotes/origin/HEAD [1ms]
2024-08-01 17:23:36.029 [info] fatal: ref refs/remotes/origin/HEAD is not a symbolic ref
2024-08-01 17:23:45.714 [info] > git config --get commit.template [6ms]
2024-08-01 17:23:45.715 [info] > git for-each-ref --format=%(refname)%00%(upstream:short)%00%(objectname)%00%(upstream:track)%00%(upstream:remotename)%00%(upstream:remoteref) refs/heads/master refs/remotes/master [2ms]
2024-08-01 17:23:45.723 [info] > git status -z -uall [3ms]
2024-08-01 17:23:45.740 [info] > git for-each-ref --format=%(refname)%00%(upstream:short)%00%(objectname)%00%(upstream:track)%00%(upstream:remotename)%00%(upstream:remoteref) refs/heads/master refs/remotes/master [10ms]
2024-08-01 17:23:45.746 [info] > git config --local branch.master.github-pr-owner-number [7ms]
2024-08-01 17:23:45.746 [warning] git config failed: Failed to execute git
2024-08-01 17:23:45.752 [info] > git config --local branch.master.vscode-merge-base [7ms]
2024-08-01 17:23:45.752 [warning] git config failed: Failed to execute git
2024-08-01 17:23:45.757 [info] > git config --local branch.master.remote [6ms]
2024-08-01 17:23:45.757 [warning] git config failed: Failed to execute git
2024-08-01 17:23:45.763 [info] > git reflog master --grep-reflog=branch: Created from *. [6ms]
2024-08-01 17:23:45.768 [info] > git config --local branch.master.merge [6ms]
2024-08-01 17:23:45.768 [warning] git config failed: Failed to execute git
2024-08-01 17:23:45.770 [info] > git symbolic-ref --short refs/remotes/origin/HEAD [2ms]
2024-08-01 17:23:45.770 [info] fatal: ref refs/remotes/origin/HEAD is not a symbolic ref
2024-08-01 17:23:50.746 [info] > git config --get commit.template [7ms]
2024-08-01 17:23:50.747 [info] > git for-each-ref --format=%(refname)%00%(upstream:short)%00%(objectname)%00%(upstream:track)%00%(upstream:remotename)%00%(upstream:remoteref) refs/heads/master refs/remotes/master [2ms]
2024-08-01 17:23:50.755 [info] > git status -z -uall [3ms]
2024-08-01 17:23:50.762 [info] > git for-each-ref --format=%(refname)%00%(upstream:short)%00%(objectname)%00%(upstream:track)%00%(upstream:remotename)%00%(upstream:remoteref) refs/heads/master refs/remotes/master [2ms]
2024-08-01 17:23:50.769 [info] > git config --local branch.master.vscode-merge-base [1ms]
2024-08-01 17:23:50.769 [warning] git config failed: Failed to execute git
2024-08-01 17:23:50.777 [info] > git reflog master --grep-reflog=branch: Created from *. [3ms]
2024-08-01 17:23:50.783 [info] > git symbolic-ref --short refs/remotes/origin/HEAD [1ms]
2024-08-01 17:23:50.783 [info] fatal: ref refs/remotes/origin/HEAD is not a symbolic ref
2024-08-01 17:23:51.649 [info] > git for-each-ref --format=%(refname)%00%(upstream:short)%00%(objectname)%00%(upstream:track)%00%(upstream:remotename)%00%(upstream:remoteref) refs/heads/master [3ms]
2024-08-01 17:23:51.655 [info] > git for-each-ref --format=%(refname)%00%(upstream:short)%00%(objectname)%00%(upstream:track)%00%(upstream:remotename)%00%(upstream:remoteref) refs/heads/master [2ms]
2024-08-01 17:23:51.661 [info] > git config --local branch.master.vscode-merge-base [1ms]
2024-08-01 17:23:51.661 [warning] git config failed: Failed to execute git
2024-08-01 17:23:51.668 [info] > git reflog refs/heads/master --grep-reflog=branch: Created from *. [2ms]
2024-08-01 17:23:51.674 [info] > git symbolic-ref --short refs/remotes/origin/HEAD [2ms]
2024-08-01 17:23:51.674 [info] fatal: ref refs/remotes/origin/HEAD is not a symbolic ref
2024-08-01 17:23:51.674 [info] GitHistoryProvider:resolveHistoryItemGroupUpstreamOrBase - Failed to resolve history item group base for 'refs/heads/master'
2024-08-01 17:23:51.674 [info] GitHistoryProvider:resolveHistoryItemGroupCommonAncestor - Failed to resolve history item group base for 'refs/heads/master'
2024-08-01 17:23:54.020 [info] > git for-each-ref --format=%(refname)%00%(upstream:short)%00%(objectname)%00%(upstream:track)%00%(upstream:remotename)%00%(upstream:remoteref) refs/heads/master [10ms]
2024-08-01 17:23:54.028 [info] > git for-each-ref --format=%(refname)%00%(upstream:short)%00%(objectname)%00%(upstream:track)%00%(upstream:remotename)%00%(upstream:remoteref) refs/heads/master [2ms]
2024-08-01 17:23:54.035 [info] > git config --local branch.master.vscode-merge-base [2ms]
2024-08-01 17:23:54.035 [warning] git config failed: Failed to execute git
2024-08-01 17:23:54.043 [info] > git reflog refs/heads/master --grep-reflog=branch: Created from *. [3ms]
2024-08-01 17:23:54.050 [info] > git symbolic-ref --short refs/remotes/origin/HEAD [2ms]
2024-08-01 17:23:54.050 [info] fatal: ref refs/remotes/origin/HEAD is not a symbolic ref
2024-08-01 17:23:54.050 [info] GitHistoryProvider:resolveHistoryItemGroupUpstreamOrBase - Failed to resolve history item group base for 'refs/heads/master'
2024-08-01 17:23:54.050 [info] GitHistoryProvider:resolveHistoryItemGroupCommonAncestor - Failed to resolve history item group base for 'refs/heads/master'
2024-08-01 17:23:54.593 [info] > git add -A -- . [296ms]
2024-08-01 17:23:54.607 [info] > git for-each-ref --format=%(refname)%00%(upstream:short)%00%(objectname)%00%(upstream:track)%00%(upstream:remotename)%00%(upstream:remoteref) refs/heads/master [3ms]
2024-08-01 17:23:54.613 [info] > git for-each-ref --format=%(refname)%00%(upstream:short)%00%(objectname)%00%(upstream:track)%00%(upstream:remotename)%00%(upstream:remoteref) refs/heads/master [1ms]
2024-08-01 17:23:54.620 [info] > git config --local branch.master.vscode-merge-base [2ms]
2024-08-01 17:23:54.620 [warning] git config failed: Failed to execute git
2024-08-01 17:23:54.627 [info] > git reflog refs/heads/master --grep-reflog=branch: Created from *. [3ms]
2024-08-01 17:23:54.634 [info] > git symbolic-ref --short refs/remotes/origin/HEAD [2ms]
2024-08-01 17:23:54.634 [info] fatal: ref refs/remotes/origin/HEAD is not a symbolic ref
2024-08-01 17:23:54.634 [info] GitHistoryProvider:resolveHistoryItemGroupUpstreamOrBase - Failed to resolve history item group base for 'refs/heads/master'
2024-08-01 17:23:54.634 [info] GitHistoryProvider:resolveHistoryItemGroupCommonAncestor - Failed to resolve history item group base for 'refs/heads/master'
2024-08-01 17:23:54.790 [info] > git check-ignore -v -z --stdin [2ms]
2024-08-01 17:23:54.915 [info] > git for-each-ref --format=%(refname)%00%(upstream:short)%00%(objectname)%00%(upstream:track)%00%(upstream:remotename)%00%(upstream:remoteref) refs/heads/master [2ms]
2024-08-01 17:23:54.923 [info] > git for-each-ref --format=%(refname)%00%(upstream:short)%00%(objectname)%00%(upstream:track)%00%(upstream:remotename)%00%(upstream:remoteref) refs/heads/master [2ms]
2024-08-01 17:23:54.930 [info] > git config --local branch.master.vscode-merge-base [2ms]
2024-08-01 17:23:54.930 [warning] git config failed: Failed to execute git
2024-08-01 17:23:54.937 [info] > git reflog refs/heads/master --grep-reflog=branch: Created from *. [2ms]
2024-08-01 17:23:54.944 [info] > git symbolic-ref --short refs/remotes/origin/HEAD [1ms]
2024-08-01 17:23:54.944 [info] fatal: ref refs/remotes/origin/HEAD is not a symbolic ref
2024-08-01 17:23:54.944 [info] GitHistoryProvider:resolveHistoryItemGroupUpstreamOrBase - Failed to resolve history item group base for 'refs/heads/master'
2024-08-01 17:23:54.944 [info] GitHistoryProvider:resolveHistoryItemGroupCommonAncestor - Failed to resolve history item group base for 'refs/heads/master'
2024-08-01 17:23:55.949 [info] > git show --textconv :.git/COMMIT_EDITMSG [4ms]
2024-08-01 17:23:55.951 [info] > git ls-files --stage -- /workspace/.vscode-remote/.git/COMMIT_EDITMSG [2ms]
2024-08-01 17:23:56.020 [info] > git check-ignore -v -z --stdin [2ms]
2024-08-01 17:23:56.372 [info] > git ls-files --stage -- /workspace/.vscode-remote/.git/COMMIT_EDITMSG [1ms]
2024-08-01 17:23:56.654 [info] > git show --textconv :.git/COMMIT_EDITMSG [2ms]
2024-08-01 17:24:28.825 [info] > git ls-files --stage -- /workspace/.vscode-remote/.git/COMMIT_EDITMSG [2ms]
2024-08-01 17:24:29.119 [info] > git show --textconv :.git/COMMIT_EDITMSG [2ms]
2024-08-01 17:24:33.233 [info] > git ls-files --stage -- /workspace/.vscode-remote/.git/COMMIT_EDITMSG [2ms]
2024-08-01 17:24:33.487 [info] > git show --textconv :.git/COMMIT_EDITMSG [2ms]
2024-08-01 17:24:42.809 [info] > git -c user.useConfigOnly=true commit --quiet [48211ms]
2024-08-01 17:24:42.820 [info] > git config --get commit.template [5ms]
2024-08-01 17:24:42.821 [info] > git for-each-ref --format=%(refname)%00%(upstream:short)%00%(objectname)%00%(upstream:track)%00%(upstream:remotename)%00%(upstream:remoteref) refs/heads/master refs/remotes/master [2ms]
2024-08-01 17:24:42.829 [info] > git status -z -uall [3ms]
2024-08-01 17:24:42.853 [info] > git for-each-ref --format=%(refname)%00%(upstream:short)%00%(objectname)%00%(upstream:track)%00%(upstream:remotename)%00%(upstream:remoteref) refs/heads/master refs/remotes/master [19ms]
2024-08-01 17:24:42.859 [info] > git config --get commit.template [7ms]
2024-08-01 17:24:42.859 [info] > git config --local branch.master.github-pr-owner-number [12ms]
2024-08-01 17:24:42.859 [warning] git config failed: Failed to execute git
2024-08-01 17:24:42.865 [info] > git config --local branch.master.vscode-merge-base [7ms]
2024-08-01 17:24:42.865 [warning] git config failed: Failed to execute git
2024-08-01 17:24:42.876 [info] > git config --local branch.master.remote [11ms]
2024-08-01 17:24:42.876 [warning] git config failed: Failed to execute git
2024-08-01 17:24:42.881 [info] > git for-each-ref --format=%(refname)%00%(upstream:short)%00%(objectname)%00%(upstream:track)%00%(upstream:remotename)%00%(upstream:remoteref) refs/heads/master refs/remotes/master [6ms]
2024-08-01 17:24:42.887 [info] > git reflog master --grep-reflog=branch: Created from *. [18ms]
2024-08-01 17:24:42.893 [info] > git status -z -uall [6ms]
2024-08-01 17:24:42.899 [info] > git config --local branch.master.merge [18ms]
2024-08-01 17:24:42.899 [warning] git config failed: Failed to execute git
2024-08-01 17:24:42.901 [info] > git symbolic-ref --short refs/remotes/origin/HEAD [9ms]
2024-08-01 17:24:42.901 [info] fatal: ref refs/remotes/origin/HEAD is not a symbolic ref
2024-08-01 17:24:42.901 [info] > git for-each-ref --format=%(refname)%00%(upstream:short)%00%(objectname)%00%(upstream:track)%00%(upstream:remotename)%00%(upstream:remoteref) refs/heads/master refs/remotes/master [2ms]
2024-08-01 17:24:42.908 [info] > git config --local branch.master.vscode-merge-base [1ms]
2024-08-01 17:24:42.908 [warning] git config failed: Failed to execute git
2024-08-01 17:24:42.916 [info] > git reflog master --grep-reflog=branch: Created from *. [2ms]
2024-08-01 17:24:42.923 [info] > git symbolic-ref --short refs/remotes/origin/HEAD [2ms]
2024-08-01 17:24:42.923 [info] fatal: ref refs/remotes/origin/HEAD is not a symbolic ref
2024-08-01 17:24:43.138 [info] > git for-each-ref --format=%(refname)%00%(upstream:short)%00%(objectname)%00%(upstream:track)%00%(upstream:remotename)%00%(upstream:remoteref) refs/heads/master [2ms]
2024-08-01 17:24:43.145 [info] > git for-each-ref --format=%(refname)%00%(upstream:short)%00%(objectname)%00%(upstream:track)%00%(upstream:remotename)%00%(upstream:remoteref) refs/heads/master [2ms]
2024-08-01 17:24:43.151 [info] > git config --local branch.master.vscode-merge-base [2ms]
2024-08-01 17:24:43.151 [warning] git config failed: Failed to execute git
2024-08-01 17:24:43.157 [info] > git reflog refs/heads/master --grep-reflog=branch: Created from *. [2ms]
2024-08-01 17:24:43.164 [info] > git symbolic-ref --short refs/remotes/origin/HEAD [2ms]
2024-08-01 17:24:43.164 [info] fatal: ref refs/remotes/origin/HEAD is not a symbolic ref
2024-08-01 17:24:43.164 [info] GitHistoryProvider:resolveHistoryItemGroupUpstreamOrBase - Failed to resolve history item group base for 'refs/heads/master'
2024-08-01 17:24:43.164 [info] GitHistoryProvider:resolveHistoryItemGroupCommonAncestor - Failed to resolve history item group base for 'refs/heads/master'
2024-08-01 17:24:43.177 [info] > git config --get commit.template [6ms]
2024-08-01 17:24:43.178 [info] > git for-each-ref --format=%(refname)%00%(upstream:short)%00%(objectname)%00%(upstream:track)%00%(upstream:remotename)%00%(upstream:remoteref) refs/heads/master refs/remotes/master [2ms]
2024-08-01 17:24:43.186 [info] > git status -z -uall [3ms]
2024-08-01 17:24:43.195 [info] > git for-each-ref --format=%(refname)%00%(upstream:short)%00%(objectname)%00%(upstream:track)%00%(upstream:remotename)%00%(upstream:remoteref) refs/heads/master refs/remotes/master [3ms]
2024-08-01 17:24:43.202 [info] > git config --local branch.master.vscode-merge-base [2ms]
2024-08-01 17:24:43.202 [warning] git config failed: Failed to execute git
2024-08-01 17:24:43.210 [info] > git reflog master --grep-reflog=branch: Created from *. [2ms]
2024-08-01 17:24:43.216 [info] > git symbolic-ref --short refs/remotes/origin/HEAD [2ms]
2024-08-01 17:24:43.216 [info] fatal: ref refs/remotes/origin/HEAD is not a symbolic ref
2024-08-01 17:24:43.528 [info] > git for-each-ref --format=%(refname)%00%(upstream:short)%00%(objectname)%00%(upstream:track)%00%(upstream:remotename)%00%(upstream:remoteref) refs/heads/master [2ms]
2024-08-01 17:24:43.537 [info] > git for-each-ref --format=%(refname)%00%(upstream:short)%00%(objectname)%00%(upstream:track)%00%(upstream:remotename)%00%(upstream:remoteref) refs/heads/master [3ms]
2024-08-01 17:24:43.544 [info] > git config --local branch.master.vscode-merge-base [2ms]
2024-08-01 17:24:43.544 [warning] git config failed: Failed to execute git
2024-08-01 17:24:43.553 [info] > git reflog refs/heads/master --grep-reflog=branch: Created from *. [2ms]
2024-08-01 17:24:43.560 [info] > git symbolic-ref --short refs/remotes/origin/HEAD [1ms]
2024-08-01 17:24:43.560 [info] fatal: ref refs/remotes/origin/HEAD is not a symbolic ref
2024-08-01 17:24:43.560 [info] GitHistoryProvider:resolveHistoryItemGroupUpstreamOrBase - Failed to resolve history item group base for 'refs/heads/master'
2024-08-01 17:24:43.560 [info] GitHistoryProvider:resolveHistoryItemGroupCommonAncestor - Failed to resolve history item group base for 'refs/heads/master'
2024-08-01 17:24:43.813 [info] > git for-each-ref --format=%(refname)%00%(upstream:short)%00%(objectname)%00%(upstream:track)%00%(upstream:remotename)%00%(upstream:remoteref) refs/heads/master [2ms]
2024-08-01 17:24:43.820 [info] > git for-each-ref --format=%(refname)%00%(upstream:short)%00%(objectname)%00%(upstream:track)%00%(upstream:remotename)%00%(upstream:remoteref) refs/heads/master [2ms]
2024-08-01 17:24:43.826 [info] > git config --local branch.master.vscode-merge-base [2ms]
2024-08-01 17:24:43.826 [warning] git config failed: Failed to execute git
2024-08-01 17:24:43.833 [info] > git reflog refs/heads/master --grep-reflog=branch: Created from *. [2ms]
2024-08-01 17:24:43.839 [info] > git symbolic-ref --short refs/remotes/origin/HEAD [2ms]
2024-08-01 17:24:43.839 [info] fatal: ref refs/remotes/origin/HEAD is not a symbolic ref
2024-08-01 17:24:43.839 [info] GitHistoryProvider:resolveHistoryItemGroupUpstreamOrBase - Failed to resolve history item group base for 'refs/heads/master'
2024-08-01 17:24:43.839 [info] GitHistoryProvider:resolveHistoryItemGroupCommonAncestor - Failed to resolve history item group base for 'refs/heads/master'
2024-08-01 17:24:44.044 [info] > git check-ignore -v -z --stdin [2ms]
2024-08-01 17:24:47.910 [info] > git config --get commit.template [5ms]
2024-08-01 17:24:47.911 [info] > git for-each-ref --format=%(refname)%00%(upstream:short)%00%(objectname)%00%(upstream:track)%00%(upstream:remotename)%00%(upstream:remoteref) refs/heads/master refs/remotes/master [1ms]
2024-08-01 17:24:47.919 [info] > git status -z -uall [3ms]
2024-08-01 17:24:47.926 [info] > git for-each-ref --format=%(refname)%00%(upstream:short)%00%(objectname)%00%(upstream:track)%00%(upstream:remotename)%00%(upstream:remoteref) refs/heads/master refs/remotes/master [2ms]
2024-08-01 17:24:47.932 [info] > git config --local branch.master.vscode-merge-base [1ms]
2024-08-01 17:24:47.932 [warning] git config failed: Failed to execute git
2024-08-01 17:24:47.938 [info] > git reflog master --grep-reflog=branch: Created from *. [2ms]
2024-08-01 17:24:47.944 [info] > git symbolic-ref --short refs/remotes/origin/HEAD [2ms]
2024-08-01 17:24:47.944 [info] fatal: ref refs/remotes/origin/HEAD is not a symbolic ref
2024-08-01 17:24:50.403 [info] > git for-each-ref --format=%(refname)%00%(upstream:short)%00%(objectname)%00%(upstream:track)%00%(upstream:remotename)%00%(upstream:remoteref) refs/heads/master [2ms]
2024-08-01 17:24:50.411 [info] > git for-each-ref --format=%(refname)%00%(upstream:short)%00%(objectname)%00%(upstream:track)%00%(upstream:remotename)%00%(upstream:remoteref) refs/heads/master [2ms]
2024-08-01 17:24:50.418 [info] > git config --local branch.master.vscode-merge-base [2ms]
2024-08-01 17:24:50.418 [warning] git config failed: Failed to execute git
2024-08-01 17:24:50.425 [info] > git reflog refs/heads/master --grep-reflog=branch: Created from *. [2ms]
2024-08-01 17:24:50.432 [info] > git symbolic-ref --short refs/remotes/origin/HEAD [2ms]
2024-08-01 17:24:50.432 [info] fatal: ref refs/remotes/origin/HEAD is not a symbolic ref
2024-08-01 17:24:50.432 [info] GitHistoryProvider:resolveHistoryItemGroupUpstreamOrBase - Failed to resolve history item group base for 'refs/heads/master'
2024-08-01 17:24:50.432 [info] GitHistoryProvider:resolveHistoryItemGroupCommonAncestor - Failed to resolve history item group base for 'refs/heads/master'
2024-08-01 17:24:50.517 [info] > git push -u coderoad master [378ms]
2024-08-01 17:24:50.517 [info] remote: Permission to freeCodeCamp/learn-salon-appointment-scheduler.git denied to swethabujula.
fatal: unable to access 'https://github.com/freeCodeCamp/learn-salon-appointment-scheduler/': The requested URL returned error: 403
2024-08-01 17:24:50.687 [info] > git for-each-ref --format=%(refname)%00%(upstream:short)%00%(objectname)%00%(upstream:track)%00%(upstream:remotename)%00%(upstream:remoteref) refs/heads/master [2ms]
2024-08-01 17:24:50.694 [info] > git for-each-ref --format=%(refname)%00%(upstream:short)%00%(objectname)%00%(upstream:track)%00%(upstream:remotename)%00%(upstream:remoteref) refs/heads/master [2ms]
2024-08-01 17:24:50.701 [info] > git config --local branch.master.vscode-merge-base [1ms]
2024-08-01 17:24:50.701 [warning] git config failed: Failed to execute git
2024-08-01 17:24:50.707 [info] > git reflog refs/heads/master --grep-reflog=branch: Created from *. [2ms]
2024-08-01 17:24:50.714 [info] > git symbolic-ref --short refs/remotes/origin/HEAD [1ms]
2024-08-01 17:24:50.714 [info] fatal: ref refs/remotes/origin/HEAD is not a symbolic ref
2024-08-01 17:24:50.714 [info] GitHistoryProvider:resolveHistoryItemGroupUpstreamOrBase - Failed to resolve history item group base for 'refs/heads/master'
2024-08-01 17:24:50.714 [info] GitHistoryProvider:resolveHistoryItemGroupCommonAncestor - Failed to resolve history item group base for 'refs/heads/master'
2024-08-01 17:24:55.164 [info] > git remote rename coderoad upstream [12ms]
2024-08-01 17:24:55.177 [info] > git config --get commit.template [6ms]
2024-08-01 17:24:55.177 [info] > git for-each-ref --format=%(refname)%00%(upstream:short)%00%(objectname)%00%(upstream:track)%00%(upstream:remotename)%00%(upstream:remoteref) refs/heads/master refs/remotes/master [2ms]
2024-08-01 17:24:55.185 [info] > git status -z -uall [3ms]
2024-08-01 17:24:55.197 [info] > git for-each-ref --format=%(refname)%00%(upstream:short)%00%(objectname)%00%(upstream:track)%00%(upstream:remotename)%00%(upstream:remoteref) refs/heads/master refs/remotes/master [7ms]
2024-08-01 17:24:55.202 [info] > git remote add origin https://github.com/swethabujula/learn-salon-appointment-scheduler.git [6ms]
2024-08-01 17:24:55.208 [info] > git config --local branch.master.vscode-merge-base [6ms]
2024-08-01 17:24:55.208 [warning] git config failed: Failed to execute git
2024-08-01 17:24:55.214 [info] > git config --get commit.template [6ms]
2024-08-01 17:24:55.219 [info] > git reflog master --grep-reflog=branch: Created from *. [5ms]
2024-08-01 17:24:55.224 [info] > git for-each-ref --format=%(refname)%00%(upstream:short)%00%(objectname)%00%(upstream:track)%00%(upstream:remotename)%00%(upstream:remoteref) refs/heads/master refs/remotes/master [5ms]
2024-08-01 17:24:55.230 [info] > git symbolic-ref --short refs/remotes/origin/HEAD [5ms]
2024-08-01 17:24:55.230 [info] fatal: ref refs/remotes/origin/HEAD is not a symbolic ref
2024-08-01 17:24:55.233 [info] > git status -z -uall [4ms]
2024-08-01 17:24:55.244 [info] > git for-each-ref --format=%(refname)%00%(upstream:short)%00%(objectname)%00%(upstream:track)%00%(upstream:remotename)%00%(upstream:remoteref) refs/heads/master refs/remotes/master [6ms]
2024-08-01 17:24:55.250 [info] > git config --local branch.master.vscode-merge-base [1ms]
2024-08-01 17:24:55.250 [warning] git config failed: Failed to execute git
2024-08-01 17:24:55.257 [info] > git reflog master --grep-reflog=branch: Created from *. [2ms]
2024-08-01 17:24:55.263 [info] > git symbolic-ref --short refs/remotes/origin/HEAD [2ms]
2024-08-01 17:24:55.263 [info] fatal: ref refs/remotes/origin/HEAD is not a symbolic ref
2024-08-01 17:24:55.487 [info] > git for-each-ref --format=%(refname)%00%(upstream:short)%00%(objectname)%00%(upstream:track)%00%(upstream:remotename)%00%(upstream:remoteref) refs/heads/master [32ms]
2024-08-01 17:24:55.495 [info] > git for-each-ref --format=%(refname)%00%(upstream:short)%00%(objectname)%00%(upstream:track)%00%(upstream:remotename)%00%(upstream:remoteref) refs/heads/master [3ms]
2024-08-01 17:24:55.501 [info] > git config --local branch.master.vscode-merge-base [2ms]
2024-08-01 17:24:55.501 [warning] git config failed: Failed to execute git
2024-08-01 17:24:55.510 [info] > git reflog refs/heads/master --grep-reflog=branch: Created from *. [4ms]
2024-08-01 17:24:55.517 [info] > git symbolic-ref --short refs/remotes/origin/HEAD [2ms]
2024-08-01 17:24:55.517 [info] fatal: ref refs/remotes/origin/HEAD is not a symbolic ref
2024-08-01 17:24:55.517 [info] GitHistoryProvider:resolveHistoryItemGroupUpstreamOrBase - Failed to resolve history item group base for 'refs/heads/master'
2024-08-01 17:24:55.517 [info] GitHistoryProvider:resolveHistoryItemGroupCommonAncestor - Failed to resolve history item group base for 'refs/heads/master'
2024-08-01 17:24:55.558 [info] > git fetch origin master [315ms]
2024-08-01 17:24:55.558 [info] remote: Repository not found.
fatal: repository 'https://github.com/swethabujula/learn-salon-appointment-scheduler.git/' not found
2024-08-01 17:24:55.568 [info] > git config --get commit.template [4ms]
2024-08-01 17:24:55.570 [info] > git for-each-ref --format=%(refname)%00%(upstream:short)%00%(objectname)%00%(upstream:track)%00%(upstream:remotename)%00%(upstream:remoteref) refs/heads/master refs/remotes/master [2ms]
2024-08-01 17:24:55.578 [info] > git status -z -uall [4ms]
2024-08-01 17:24:55.589 [info] > git for-each-ref --format=%(refname)%00%(upstream:short)%00%(objectname)%00%(upstream:track)%00%(upstream:remotename)%00%(upstream:remoteref) refs/heads/master refs/remotes/master [6ms]
2024-08-01 17:24:55.595 [info] > git config --local branch.master.vscode-merge-base [2ms]
2024-08-01 17:24:55.595 [warning] git config failed: Failed to execute git
2024-08-01 17:24:55.601 [info] > git reflog master --grep-reflog=branch: Created from *. [2ms]
2024-08-01 17:24:55.608 [info] > git symbolic-ref --short refs/remotes/origin/HEAD [2ms]
2024-08-01 17:24:55.608 [info] fatal: ref refs/remotes/origin/HEAD is not a symbolic ref
2024-08-01 17:24:55.911 [info] > git config --local branch.master.github-pr-owner-number [133ms]
2024-08-01 17:24:55.912 [warning] git config failed: Failed to execute git
2024-08-01 17:24:55.917 [info] > git push -u origin master [329ms]
2024-08-01 17:24:55.917 [info] remote: Repository not found.
fatal: repository 'https://github.com/swethabujula/learn-salon-appointment-scheduler.git/' not found
2024-08-01 17:24:55.924 [info] > git config --local branch.master.remote [7ms]
2024-08-01 17:24:55.924 [warning] git config failed: Failed to execute git
2024-08-01 17:24:55.930 [info] > git config --get commit.template [7ms]
2024-08-01 17:24:55.944 [info] > git for-each-ref --format=%(refname)%00%(upstream:short)%00%(objectname)%00%(upstream:track)%00%(upstream:remotename)%00%(upstream:remoteref) refs/heads/master refs/remotes/master [9ms]
2024-08-01 17:24:55.949 [info] > git config --local branch.master.merge [20ms]
2024-08-01 17:24:55.949 [warning] git config failed: Failed to execute git
2024-08-01 17:24:55.959 [info] > git status -z -uall [10ms]
2024-08-01 17:24:56.003 [info] > git for-each-ref --format=%(refname)%00%(upstream:short)%00%(objectname)%00%(upstream:track)%00%(upstream:remotename)%00%(upstream:remoteref) refs/heads/master refs/remotes/master [39ms]
2024-08-01 17:24:56.008 [info] > git for-each-ref --format=%(refname)%00%(upstream:short)%00%(objectname)%00%(upstream:track)%00%(upstream:remotename)%00%(upstream:remoteref) refs/heads/master [53ms]
2024-08-01 17:24:56.014 [info] > git config --local branch.master.vscode-merge-base [6ms]
2024-08-01 17:24:56.014 [warning] git config failed: Failed to execute git
2024-08-01 17:24:56.019 [info] > git config --get commit.template [17ms]
2024-08-01 17:24:56.019 [info] > git config --get commit.template [22ms]
2024-08-01 17:24:56.020 [info] > git for-each-ref --format=%(refname)%00%(upstream:short)%00%(objectname)%00%(upstream:track)%00%(upstream:remotename)%00%(upstream:remoteref) refs/heads/master [8ms]
2024-08-01 17:24:56.035 [info] > git reflog master --grep-reflog=branch: Created from *. [16ms]
2024-08-01 17:24:56.041 [info] > git for-each-ref --format=%(refname)%00%(upstream:short)%00%(objectname)%00%(upstream:track)%00%(upstream:remotename)%00%(upstream:remoteref) refs/heads/master refs/remotes/master [7ms]
2024-08-01 17:24:56.046 [info] > git for-each-ref --format=%(refname)%00%(upstream:short)%00%(objectname)%00%(upstream:track)%00%(upstream:remotename)%00%(upstream:remoteref) refs/heads/master refs/remotes/master [17ms]
2024-08-01 17:24:56.047 [info] > git config --local branch.master.vscode-merge-base [23ms]
2024-08-01 17:24:56.047 [warning] git config failed: Failed to execute git
2024-08-01 17:24:56.074 [info] > git status -z -uall [28ms]
2024-08-01 17:24:56.081 [info] > git symbolic-ref --short refs/remotes/origin/HEAD [41ms]
2024-08-01 17:24:56.081 [info] fatal: ref refs/remotes/origin/HEAD is not a symbolic ref
2024-08-01 17:24:56.081 [info] > git reflog refs/heads/master --grep-reflog=branch: Created from *. [30ms]
2024-08-01 17:24:56.086 [info] > git for-each-ref --format=%(refname)%00%(upstream:short)%00%(objectname)%00%(upstream:track)%00%(upstream:remotename)%00%(upstream:remoteref) refs/heads/master refs/remotes/master [7ms]
2024-08-01 17:24:56.091 [info] > git symbolic-ref --short refs/remotes/origin/HEAD [6ms]
2024-08-01 17:24:56.091 [info] fatal: ref refs/remotes/origin/HEAD is not a symbolic ref
2024-08-01 17:24:56.091 [info] GitHistoryProvider:resolveHistoryItemGroupUpstreamOrBase - Failed to resolve history item group base for 'refs/heads/master'
2024-08-01 17:24:56.091 [info] GitHistoryProvider:resolveHistoryItemGroupCommonAncestor - Failed to resolve history item group base for 'refs/heads/master'
2024-08-01 17:24:56.092 [info] > git config --local branch.master.vscode-merge-base [1ms]
2024-08-01 17:24:56.092 [warning] git config failed: Failed to execute git
2024-08-01 17:24:56.099 [info] > git reflog master --grep-reflog=branch: Created from *. [2ms]
2024-08-01 17:24:56.105 [info] > git symbolic-ref --short refs/remotes/origin/HEAD [2ms]
2024-08-01 17:24:56.105 [info] fatal: ref refs/remotes/origin/HEAD is not a symbolic ref
2024-08-01 17:24:56.791 [info] > git for-each-ref --format=%(refname)%00%(upstream:short)%00%(objectname)%00%(upstream:track)%00%(upstream:remotename)%00%(upstream:remoteref) refs/heads/master [3ms]
2024-08-01 17:24:56.798 [info] > git for-each-ref --format=%(refname)%00%(upstream:short)%00%(objectname)%00%(upstream:track)%00%(upstream:remotename)%00%(upstream:remoteref) refs/heads/master [2ms]
2024-08-01 17:24:56.833 [info] > git config --local branch.master.vscode-merge-base [29ms]
2024-08-01 17:24:56.833 [warning] git config failed: Failed to execute git
2024-08-01 17:24:56.840 [info] > git reflog refs/heads/master --grep-reflog=branch: Created from *. [2ms]
2024-08-01 17:24:56.846 [info] > git symbolic-ref --short refs/remotes/origin/HEAD [1ms]
2024-08-01 17:24:56.846 [info] fatal: ref refs/remotes/origin/HEAD is not a symbolic ref
2024-08-01 17:24:56.846 [info] GitHistoryProvider:resolveHistoryItemGroupUpstreamOrBase - Failed to resolve history item group base for 'refs/heads/master'
2024-08-01 17:24:56.846 [info] GitHistoryProvider:resolveHistoryItemGroupCommonAncestor - Failed to resolve history item group base for 'refs/heads/master'
2024-08-01 17:24:58.124 [info] > git config --local branch.master.github-pr-owner-number [123ms]
2024-08-01 17:24:58.124 [warning] git config failed: Failed to execute git
2024-08-01 17:24:58.130 [info] > git config --local branch.master.remote [1ms]
2024-08-01 17:24:58.131 [warning] git config failed: Failed to execute git
2024-08-01 17:24:58.142 [info] > git config --local branch.master.merge [6ms]
2024-08-01 17:24:58.142 [warning] git config failed: Failed to execute git
2024-08-01 17:25:01.722 [info] > git config --get commit.template [6ms]
2024-08-01 17:25:01.724 [info] > git for-each-ref --format=%(refname)%00%(upstream:short)%00%(objectname)%00%(upstream:track)%00%(upstream:remotename)%00%(upstream:remoteref) refs/heads/master refs/remotes/master [3ms]
2024-08-01 17:25:01.732 [info] > git status -z -uall [3ms]
2024-08-01 17:25:01.740 [info] > git for-each-ref --format=%(refname)%00%(upstream:short)%00%(objectname)%00%(upstream:track)%00%(upstream:remotename)%00%(upstream:remoteref) refs/heads/master refs/remotes/master [2ms]
2024-08-01 17:25:01.748 [info] > git config --local branch.master.vscode-merge-base [2ms]
2024-08-01 17:25:01.748 [warning] git config failed: Failed to execute git
2024-08-01 17:25:01.756 [info] > git reflog master --grep-reflog=branch: Created from *. [3ms]
2024-08-01 17:25:01.762 [info] > git symbolic-ref --short refs/remotes/origin/HEAD [2ms]
2024-08-01 17:25:01.762 [info] fatal: ref refs/remotes/origin/HEAD is not a symbolic ref
2024-08-01 17:25:02.000 [info] > git for-each-ref --format=%(refname)%00%(upstream:short)%00%(objectname)%00%(upstream:track)%00%(upstream:remotename)%00%(upstream:remoteref) refs/heads/master [3ms]
2024-08-01 17:25:02.006 [info] > git for-each-ref --format=%(refname)%00%(upstream:short)%00%(objectname)%00%(upstream:track)%00%(upstream:remotename)%00%(upstream:remoteref) refs/heads/master [2ms]
2024-08-01 17:25:02.012 [info] > git config --local branch.master.vscode-merge-base [1ms]
2024-08-01 17:25:02.012 [warning] git config failed: Failed to execute git
2024-08-01 17:25:02.019 [info] > git reflog refs/heads/master --grep-reflog=branch: Created from *. [2ms]
2024-08-01 17:25:02.026 [info] > git symbolic-ref --short refs/remotes/origin/HEAD [2ms]
2024-08-01 17:25:02.026 [info] fatal: ref refs/remotes/origin/HEAD is not a symbolic ref
2024-08-01 17:25:02.026 [info] GitHistoryProvider:resolveHistoryItemGroupUpstreamOrBase - Failed to resolve history item group base for 'refs/heads/master'
2024-08-01 17:25:02.026 [info] GitHistoryProvider:resolveHistoryItemGroupCommonAncestor - Failed to resolve history item group base for 'refs/heads/master'
2024-08-01 17:25:02.305 [info] > git for-each-ref --format=%(refname)%00%(upstream:short)%00%(objectname)%00%(upstream:track)%00%(upstream:remotename)%00%(upstream:remoteref) refs/heads/master [2ms]
2024-08-01 17:25:02.312 [info] > git for-each-ref --format=%(refname)%00%(upstream:short)%00%(objectname)%00%(upstream:track)%00%(upstream:remotename)%00%(upstream:remoteref) refs/heads/master [1ms]
2024-08-01 17:25:02.319 [info] > git config --local branch.master.vscode-merge-base [2ms]
2024-08-01 17:25:02.319 [warning] git config failed: Failed to execute git
2024-08-01 17:25:02.326 [info] > git reflog refs/heads/master --grep-reflog=branch: Created from *. [2ms]
2024-08-01 17:25:02.333 [info] > git symbolic-ref --short refs/remotes/origin/HEAD [2ms]
2024-08-01 17:25:02.333 [info] fatal: ref refs/remotes/origin/HEAD is not a symbolic ref
2024-08-01 17:25:02.333 [info] GitHistoryProvider:resolveHistoryItemGroupUpstreamOrBase - Failed to resolve history item group base for 'refs/heads/master'
2024-08-01 17:25:02.333 [info] GitHistoryProvider:resolveHistoryItemGroupCommonAncestor - Failed to resolve history item group base for 'refs/heads/master'
2024-08-01 17:25:02.811 [info] > git check-ignore -v -z --stdin [2ms]
2024-08-01 17:25:06.751 [info] > git config --get commit.template [6ms]
2024-08-01 17:25:06.752 [info] > git for-each-ref --format=%(refname)%00%(upstream:short)%00%(objectname)%00%(upstream:track)%00%(upstream:remotename)%00%(upstream:remoteref) refs/heads/master refs/remotes/master [2ms]
2024-08-01 17:25:06.760 [info] > git status -z -uall [4ms]
2024-08-01 17:25:06.767 [info] > git for-each-ref --format=%(refname)%00%(upstream:short)%00%(objectname)%00%(upstream:track)%00%(upstream:remotename)%00%(upstream:remoteref) refs/heads/master refs/remotes/master [2ms]
2024-08-01 17:25:06.774 [info] > git config --local branch.master.vscode-merge-base [1ms]
2024-08-01 17:25:06.774 [warning] git config failed: Failed to execute git
2024-08-01 17:25:06.780 [info] > git reflog master --grep-reflog=branch: Created from *. [2ms]
2024-08-01 17:25:06.786 [info] > git symbolic-ref --short refs/remotes/origin/HEAD [2ms]
2024-08-01 17:25:06.786 [info] fatal: ref refs/remotes/origin/HEAD is not a symbolic ref
2024-08-01 17:25:11.778 [info] > git config --get commit.template [6ms]
2024-08-01 17:25:11.780 [info] > git for-each-ref --format=%(refname)%00%(upstream:short)%00%(objectname)%00%(upstream:track)%00%(upstream:remotename)%00%(upstream:remoteref) refs/heads/master refs/remotes/master [2ms]
2024-08-01 17:25:11.788 [info] > git status -z -uall [4ms]
2024-08-01 17:25:11.796 [info] > git for-each-ref --format=%(refname)%00%(upstream:short)%00%(objectname)%00%(upstream:track)%00%(upstream:remotename)%00%(upstream:remoteref) refs/heads/master refs/remotes/master [1ms]
2024-08-01 17:25:11.802 [info] > git config --local branch.master.vscode-merge-base [1ms]
2024-08-01 17:25:11.802 [warning] git config failed: Failed to execute git
2024-08-01 17:25:11.810 [info] > git reflog master --grep-reflog=branch: Created from *. [2ms]
2024-08-01 17:25:11.816 [info] > git symbolic-ref --short refs/remotes/origin/HEAD [2ms]
2024-08-01 17:25:11.816 [info] fatal: ref refs/remotes/origin/HEAD is not a symbolic ref
2024-08-01 17:25:16.808 [info] > git config --get commit.template [6ms]
2024-08-01 17:25:16.809 [info] > git for-each-ref --format=%(refname)%00%(upstream:short)%00%(objectname)%00%(upstream:track)%00%(upstream:remotename)%00%(upstream:remoteref) refs/heads/master refs/remotes/master [2ms]
2024-08-01 17:25:16.818 [info] > git status -z -uall [4ms]
2024-08-01 17:25:16.826 [info] > git for-each-ref --format=%(refname)%00%(upstream:short)%00%(objectname)%00%(upstream:track)%00%(upstream:remotename)%00%(upstream:remoteref) refs/heads/master refs/remotes/master [2ms]
2024-08-01 17:25:16.833 [info] > git config --local branch.master.vscode-merge-base [2ms]
2024-08-01 17:25:16.833 [warning] git config failed: Failed to execute git
2024-08-01 17:25:16.840 [info] > git reflog master --grep-reflog=branch: Created from *. [2ms]
2024-08-01 17:25:16.846 [info] > git symbolic-ref --short refs/remotes/origin/HEAD [1ms]
2024-08-01 17:25:16.846 [info] fatal: ref refs/remotes/origin/HEAD is not a symbolic ref
2024-08-01 17:25:21.836 [info] > git config --get commit.template [5ms]
2024-08-01 17:25:21.837 [info] > git for-each-ref --format=%(refname)%00%(upstream:short)%00%(objectname)%00%(upstream:track)%00%(upstream:remotename)%00%(upstream:remoteref) refs/heads/master refs/remotes/master [1ms]
2024-08-01 17:25:21.846 [info] > git status -z -uall [4ms]
2024-08-01 17:25:21.854 [info] > git for-each-ref --format=%(refname)%00%(upstream:short)%00%(objectname)%00%(upstream:track)%00%(upstream:remotename)%00%(upstream:remoteref) refs/heads/master refs/remotes/master [2ms]
2024-08-01 17:25:21.860 [info] > git config --local branch.master.vscode-merge-base [1ms]
2024-08-01 17:25:21.860 [warning] git config failed: Failed to execute git
2024-08-01 17:25:21.867 [info] > git reflog master --grep-reflog=branch: Created from *. [2ms]
2024-08-01 17:25:21.874 [info] > git symbolic-ref --short refs/remotes/origin/HEAD [1ms]
2024-08-01 17:25:21.874 [info] fatal: ref refs/remotes/origin/HEAD is not a symbolic ref
2024-08-01 17:25:22.983 [info] > git config --local branch.master.github-pr-owner-number [1ms]
2024-08-01 17:25:22.983 [warning] git config failed: Failed to execute git
2024-08-01 17:25:26.865 [info] > git config --get commit.template [6ms]
2024-08-01 17:25:26.866 [info] > git for-each-ref --format=%(refname)%00%(upstream:short)%00%(objectname)%00%(upstream:track)%00%(upstream:remotename)%00%(upstream:remoteref) refs/heads/master refs/remotes/master [2ms]
2024-08-01 17:25:26.874 [info] > git status -z -uall [4ms]
2024-08-01 17:25:26.881 [info] > git for-each-ref --format=%(refname)%00%(upstream:short)%00%(objectname)%00%(upstream:track)%00%(upstream:remotename)%00%(upstream:remoteref) refs/heads/master refs/remotes/master [2ms]
2024-08-01 17:25:26.887 [info] > git config --local branch.master.vscode-merge-base [1ms]
2024-08-01 17:25:26.887 [warning] git config failed: Failed to execute git
2024-08-01 17:25:26.895 [info] > git reflog master --grep-reflog=branch: Created from *. [2ms]
2024-08-01 17:25:26.902 [info] > git symbolic-ref --short refs/remotes/origin/HEAD [2ms]
2024-08-01 17:25:26.902 [info] fatal: ref refs/remotes/origin/HEAD is not a symbolic ref
2024-08-01 17:25:31.894 [info] > git config --get commit.template [8ms]
2024-08-01 17:25:31.895 [info] > git for-each-ref --format=%(refname)%00%(upstream:short)%00%(objectname)%00%(upstream:track)%00%(upstream:remotename)%00%(upstream:remoteref) refs/heads/master refs/remotes/master [3ms]
2024-08-01 17:25:31.905 [info] > git status -z -uall [3ms]
2024-08-01 17:25:31.913 [info] > git for-each-ref --format=%(refname)%00%(upstream:short)%00%(objectname)%00%(upstream:track)%00%(upstream:remotename)%00%(upstream:remoteref) refs/heads/master refs/remotes/master [2ms]
2024-08-01 17:25:31.920 [info] > git config --local branch.master.vscode-merge-base [2ms]
2024-08-01 17:25:31.920 [warning] git config failed: Failed to execute git
2024-08-01 17:25:31.927 [info] > git reflog master --grep-reflog=branch: Created from *. [2ms]
2024-08-01 17:25:31.935 [info] > git symbolic-ref --short refs/remotes/origin/HEAD [2ms]
2024-08-01 17:25:31.935 [info] fatal: ref refs/remotes/origin/HEAD is not a symbolic ref
2024-08-01 17:25:36.924 [info] > git config --get commit.template [6ms]
2024-08-01 17:25:36.925 [info] > git for-each-ref --format=%(refname)%00%(upstream:short)%00%(objectname)%00%(upstream:track)%00%(upstream:remotename)%00%(upstream:remoteref) refs/heads/master refs/remotes/master [2ms]
2024-08-01 17:25:36.933 [info] > git status -z -uall [3ms]
2024-08-01 17:25:36.940 [info] > git for-each-ref --format=%(refname)%00%(upstream:short)%00%(objectname)%00%(upstream:track)%00%(upstream:remotename)%00%(upstream:remoteref) refs/heads/master refs/remotes/master [1ms]
2024-08-01 17:25:36.947 [info] > git config --local branch.master.vscode-merge-base [1ms]
2024-08-01 17:25:36.947 [warning] git config failed: Failed to execute git
2024-08-01 17:25:36.954 [info] > git reflog master --grep-reflog=branch: Created from *. [2ms]
2024-08-01 17:25:36.961 [info] > git symbolic-ref --short refs/remotes/origin/HEAD [2ms]
2024-08-01 17:25:36.962 [info] fatal: ref refs/remotes/origin/HEAD is not a symbolic ref
2024-08-01 17:25:41.951 [info] > git config --get commit.template [5ms]
2024-08-01 17:25:41.952 [info] > git for-each-ref --format=%(refname)%00%(upstream:short)%00%(objectname)%00%(upstream:track)%00%(upstream:remotename)%00%(upstream:remoteref) refs/heads/master refs/remotes/master [2ms]
2024-08-01 17:25:41.960 [info] > git status -z -uall [3ms]
2024-08-01 17:25:41.967 [info] > git for-each-ref --format=%(refname)%00%(upstream:short)%00%(objectname)%00%(upstream:track)%00%(upstream:remotename)%00%(upstream:remoteref) refs/heads/master refs/remotes/master [2ms]
2024-08-01 17:25:41.973 [info] > git config --local branch.master.vscode-merge-base [1ms]
2024-08-01 17:25:41.973 [warning] git config failed: Failed to execute git
2024-08-01 17:25:41.980 [info] > git reflog master --grep-reflog=branch: Created from *. [2ms]
2024-08-01 17:25:41.986 [info] > git symbolic-ref --short refs/remotes/origin/HEAD [2ms]
2024-08-01 17:25:41.986 [info] fatal: ref refs/remotes/origin/HEAD is not a symbolic ref
2024-08-01 17:25:46.978 [info] > git config --get commit.template [6ms]
2024-08-01 17:25:46.979 [info] > git for-each-ref --format=%(refname)%00%(upstream:short)%00%(objectname)%00%(upstream:track)%00%(upstream:remotename)%00%(upstream:remoteref) refs/heads/master refs/remotes/master [2ms]
2024-08-01 17:25:46.987 [info] > git status -z -uall [3ms]
2024-08-01 17:25:46.994 [info] > git for-each-ref --format=%(refname)%00%(upstream:short)%00%(objectname)%00%(upstream:track)%00%(upstream:remotename)%00%(upstream:remoteref) refs/heads/master refs/remotes/master [1ms]
2024-08-01 17:25:47.000 [info] > git config --local branch.master.vscode-merge-base [1ms]
2024-08-01 17:25:47.000 [warning] git config failed: Failed to execute git
2024-08-01 17:25:47.007 [info] > git reflog master --grep-reflog=branch: Created from *. [2ms]
2024-08-01 17:25:47.013 [info] > git symbolic-ref --short refs/remotes/origin/HEAD [1ms]
2024-08-01 17:25:47.014 [info] fatal: ref refs/remotes/origin/HEAD is not a symbolic ref
2024-08-01 17:25:52.005 [info] > git config --get commit.template [5ms]
2024-08-01 17:25:52.006 [info] > git for-each-ref --format=%(refname)%00%(upstream:short)%00%(objectname)%00%(upstream:track)%00%(upstream:remotename)%00%(upstream:remoteref) refs/heads/master refs/remotes/master [1ms]
2024-08-01 17:25:52.014 [info] > git status -z -uall [3ms]
2024-08-01 17:25:52.021 [info] > git for-each-ref --format=%(refname)%00%(upstream:short)%00%(objectname)%00%(upstream:track)%00%(upstream:remotename)%00%(upstream:remoteref) refs/heads/master refs/remotes/master [2ms]
2024-08-01 17:25:52.027 [info] > git config --local branch.master.vscode-merge-base [1ms]
2024-08-01 17:25:52.027 [warning] git config failed: Failed to execute git
2024-08-01 17:25:52.033 [info] > git reflog master --grep-reflog=branch: Created from *. [2ms]
2024-08-01 17:25:52.039 [info] > git symbolic-ref --short refs/remotes/origin/HEAD [2ms]
2024-08-01 17:25:52.039 [info] fatal: ref refs/remotes/origin/HEAD is not a symbolic ref
2024-08-01 17:25:56.624 [info] > git for-each-ref --format=%(refname)%00%(upstream:short)%00%(objectname)%00%(upstream:track)%00%(upstream:remotename)%00%(upstream:remoteref) refs/heads/master [2ms]
2024-08-01 17:25:56.631 [info] > git for-each-ref --format=%(refname)%00%(upstream:short)%00%(objectname)%00%(upstream:track)%00%(upstream:remotename)%00%(upstream:remoteref) refs/heads/master [2ms]
2024-08-01 17:25:56.637 [info] > git config --local branch.master.vscode-merge-base [1ms]
2024-08-01 17:25:56.638 [warning] git config failed: Failed to execute git
2024-08-01 17:25:56.645 [info] > git reflog refs/heads/master --grep-reflog=branch: Created from *. [3ms]
2024-08-01 17:25:56.652 [info] > git symbolic-ref --short refs/remotes/origin/HEAD [1ms]
2024-08-01 17:25:56.652 [info] fatal: ref refs/remotes/origin/HEAD is not a symbolic ref
2024-08-01 17:25:56.652 [info] GitHistoryProvider:resolveHistoryItemGroupUpstreamOrBase - Failed to resolve history item group base for 'refs/heads/master'
2024-08-01 17:25:56.652 [info] GitHistoryProvider:resolveHistoryItemGroupCommonAncestor - Failed to resolve history item group base for 'refs/heads/master'
2024-08-01 17:25:56.912 [info] > git for-each-ref --format=%(refname)%00%(upstream:short)%00%(objectname)%00%(upstream:track)%00%(upstream:remotename)%00%(upstream:remoteref) refs/heads/master [2ms]
2024-08-01 17:25:56.919 [info] > git for-each-ref --format=%(refname)%00%(upstream:short)%00%(objectname)%00%(upstream:track)%00%(upstream:remotename)%00%(upstream:remoteref) refs/heads/master [2ms]
2024-08-01 17:25:56.926 [info] > git config --local branch.master.vscode-merge-base [1ms]
2024-08-01 17:25:56.926 [warning] git config failed: Failed to execute git
2024-08-01 17:25:56.934 [info] > git reflog refs/heads/master --grep-reflog=branch: Created from *. [3ms]
2024-08-01 17:25:56.940 [info] > git symbolic-ref --short refs/remotes/origin/HEAD [1ms]
2024-08-01 17:25:56.940 [info] fatal: ref refs/remotes/origin/HEAD is not a symbolic ref
2024-08-01 17:25:56.940 [info] GitHistoryProvider:resolveHistoryItemGroupUpstreamOrBase - Failed to resolve history item group base for 'refs/heads/master'
2024-08-01 17:25:56.941 [info] GitHistoryProvider:resolveHistoryItemGroupCommonAncestor - Failed to resolve history item group base for 'refs/heads/master'
2024-08-01 17:25:58.263 [info] > git push -u origin master [1904ms]
2024-08-01 17:25:58.263 [info] remote: 
remote: Create a pull request for 'master' on GitHub by visiting:        
remote:      https://github.com/swethabujula/learn-salon-appointment-scheduler/pull/new/master        
remote: 
To https://github.com/swethabujula/learn-salon-appointment-scheduler.git
 * [new branch]      master -> master
2024-08-01 17:25:58.274 [info] > git config --get commit.template [6ms]
2024-08-01 17:25:58.275 [info] > git for-each-ref --format=%(refname)%00%(upstream:short)%00%(objectname)%00%(upstream:track)%00%(upstream:remotename)%00%(upstream:remoteref) refs/heads/master refs/remotes/master [2ms]
2024-08-01 17:25:58.283 [info] > git status -z -uall [3ms]
2024-08-01 17:25:58.300 [info] > git for-each-ref --format=%(refname)%00%(upstream:short)%00%(objectname)%00%(upstream:track)%00%(upstream:remotename)%00%(upstream:remoteref) refs/heads/master refs/remotes/master [12ms]
2024-08-01 17:25:58.305 [info] > git config --get commit.template [6ms]
2024-08-01 17:25:58.309 [info] > git config --local branch.master.vscode-merge-base [5ms]
2024-08-01 17:25:58.310 [warning] git config failed: Failed to execute git
2024-08-01 17:25:58.314 [info] > git for-each-ref --format=%(refname)%00%(upstream:short)%00%(objectname)%00%(upstream:track)%00%(upstream:remotename)%00%(upstream:remoteref) refs/heads/master refs/remotes/master [5ms]
2024-08-01 17:25:58.320 [info] > git reflog master --grep-reflog=branch: Created from *. [6ms]
2024-08-01 17:25:58.324 [info] > git status -z -uall [5ms]
2024-08-01 17:25:58.331 [info] > git symbolic-ref --short refs/remotes/origin/HEAD [7ms]
2024-08-01 17:25:58.331 [info] fatal: ref refs/remotes/origin/HEAD is not a symbolic ref
2024-08-01 17:25:58.336 [info] > git for-each-ref --format=%(refname)%00%(upstream:short)%00%(objectname)%00%(upstream:track)%00%(upstream:remotename)%00%(upstream:remoteref) refs/heads/master refs/remotes/master [7ms]
2024-08-01 17:25:58.342 [info] > git merge-base refs/heads/master refs/remotes/origin/master [7ms]
2024-08-01 17:25:58.347 [info] > git config --local branch.master.vscode-merge-base [6ms]
2024-08-01 17:25:58.347 [warning] git config failed: Failed to execute git
2024-08-01 17:25:58.352 [info] > git rev-list --count --left-right refs/heads/master...refs/remotes/origin/master [5ms]
2024-08-01 17:25:58.357 [info] > git reflog master --grep-reflog=branch: Created from *. [5ms]
2024-08-01 17:25:58.363 [info] > git diff --name-status -z --diff-filter=ADMR 1801f8e1769b43c2617d9396a1c7530668b27ab8...refs/remotes/origin/master [5ms]
2024-08-01 17:25:58.363 [info] > git symbolic-ref --short refs/remotes/origin/HEAD [2ms]
2024-08-01 17:25:58.363 [info] fatal: ref refs/remotes/origin/HEAD is not a symbolic ref
2024-08-01 17:25:58.727 [info] > git config --local branch.master.github-pr-owner-number [123ms]
2024-08-01 17:25:58.727 [warning] git config failed: Failed to execute git
2024-08-01 17:25:58.753 [info] > git for-each-ref --format=%(refname)%00%(upstream:short)%00%(objectname)%00%(upstream:track)%00%(upstream:remotename)%00%(upstream:remoteref) refs/heads/master [155ms]
2024-08-01 17:25:58.760 [info] > git merge-base refs/heads/master refs/remotes/origin/master [2ms]
2024-08-01 17:25:58.777 [info] > git rev-list --count --left-right refs/heads/master...refs/remotes/origin/master [13ms]
2024-08-01 17:26:04.723 [info] > git fetch [263ms]
2024-08-01 17:26:04.723 [info] From https://github.com/swethabujula/learn-salon-appointment-scheduler
 * [new branch]      main       -> origin/main
 * [new branch]      v0.1.0     -> origin/v0.1.0
 * [new branch]      v0.1.1     -> origin/v0.1.1
 * [new branch]      v0.1.2     -> origin/v0.1.2
 * [new branch]      v1.0.0     -> origin/v1.0.0
 * [new branch]      v1.0.1     -> origin/v1.0.1
 * [new branch]      v1.0.2     -> origin/v1.0.2
 * [new branch]      v1.0.3     -> origin/v1.0.3
 * [new branch]      v1.0.4     -> origin/v1.0.4
 * [new branch]      v1.0.5     -> origin/v1.0.5
 * [new branch]      v2.0.0     -> origin/v2.0.0
2024-08-01 17:26:04.734 [info] > git config --get commit.template [6ms]
2024-08-01 17:26:04.735 [info] > git for-each-ref --format=%(refname)%00%(upstream:short)%00%(objectname)%00%(upstream:track)%00%(upstream:remotename)%00%(upstream:remoteref) refs/heads/master refs/remotes/master [2ms]
2024-08-01 17:26:04.743 [info] > git status -z -uall [3ms]
2024-08-01 17:26:04.755 [info] > git for-each-ref --format=%(refname)%00%(upstream:short)%00%(objectname)%00%(upstream:track)%00%(upstream:remotename)%00%(upstream:remoteref) refs/heads/master refs/remotes/master [6ms]
2024-08-01 17:26:04.759 [info] > git config --get commit.template [5ms]
2024-08-01 17:26:04.764 [info] > git config --local branch.master.vscode-merge-base [5ms]
2024-08-01 17:26:04.764 [warning] git config failed: Failed to execute git
2024-08-01 17:26:04.769 [info] > git for-each-ref --format=%(refname)%00%(upstream:short)%00%(objectname)%00%(upstream:track)%00%(upstream:remotename)%00%(upstream:remoteref) refs/heads/master refs/remotes/master [6ms]
2024-08-01 17:26:04.774 [info] > git reflog master --grep-reflog=branch: Created from *. [6ms]
2024-08-01 17:26:04.778 [info] > git status -z -uall [4ms]
2024-08-01 17:26:04.786 [info] > git symbolic-ref --short refs/remotes/origin/HEAD [8ms]
2024-08-01 17:26:04.786 [info] fatal: ref refs/remotes/origin/HEAD is not a symbolic ref
2024-08-01 17:26:04.786 [info] > git for-each-ref --format=%(refname)%00%(upstream:short)%00%(objectname)%00%(upstream:track)%00%(upstream:remotename)%00%(upstream:remoteref) refs/heads/master refs/remotes/master [3ms]
2024-08-01 17:26:04.792 [info] > git config --local branch.master.vscode-merge-base [1ms]
2024-08-01 17:26:04.792 [warning] git config failed: Failed to execute git
2024-08-01 17:26:04.799 [info] > git reflog master --grep-reflog=branch: Created from *. [2ms]
2024-08-01 17:26:04.805 [info] > git symbolic-ref --short refs/remotes/origin/HEAD [2ms]
2024-08-01 17:26:04.805 [info] fatal: ref refs/remotes/origin/HEAD is not a symbolic ref
2024-08-01 17:26:07.680 [info] > git for-each-ref --format=%(refname)%00%(upstream:short)%00%(objectname)%00%(upstream:track)%00%(upstream:remotename)%00%(upstream:remoteref) refs/heads/master refs/remotes/master [2ms]
2024-08-01 17:26:07.700 [info] > git for-each-ref --format=%(refname)%00%(upstream:short)%00%(objectname)%00%(upstream:track)%00%(upstream:remotename)%00%(upstream:remoteref) refs/heads/master refs/remotes/master [6ms]
2024-08-01 17:26:07.701 [info] > git for-each-ref --format=%(refname)%00%(upstream:short)%00%(objectname)%00%(upstream:track)%00%(upstream:remotename)%00%(upstream:remoteref) refs/heads/master refs/remotes/master [15ms]
2024-08-01 17:26:07.702 [info] > git for-each-ref --format=%(refname)%00%(upstream:short)%00%(objectname)%00%(upstream:track)%00%(upstream:remotename)%00%(upstream:remoteref) refs/heads/master refs/remotes/master [2ms]
2024-08-01 17:26:07.710 [info] > git for-each-ref --format=%(refname)%00%(upstream:short)%00%(objectname)%00%(upstream:track)%00%(upstream:remotename)%00%(upstream:remoteref) refs/heads/master refs/remotes/master [1ms]
2024-08-01 17:26:07.796 [info] > git for-each-ref --format=%(refname)%00%(upstream:short)%00%(objectname)%00%(upstream:track)%00%(upstream:remotename)%00%(upstream:remoteref) refs/heads/master refs/remotes/master [79ms]
2024-08-01 17:26:07.805 [info] > git show -s --format=%H%n%aN%n%aE%n%at%n%ct%n%P%n%D%n%B -z 1801f8e1769b43c2617d9396a1c7530668b27ab8 [4ms]
2024-08-01 17:26:08.367 [info] > git for-each-ref --format=%(refname)%00%(upstream:short)%00%(objectname)%00%(upstream:track)%00%(upstream:remotename)%00%(upstream:remoteref) refs/heads/master refs/remotes/master [3ms]
2024-08-01 17:26:08.470 [info] > git for-each-ref --format=%(refname)%00%(upstream:short)%00%(objectname)%00%(upstream:track)%00%(upstream:remotename)%00%(upstream:remoteref) refs/heads/master refs/remotes/master [97ms]
2024-08-01 17:26:08.479 [info] > git show -s --format=%H%n%aN%n%aE%n%at%n%ct%n%P%n%D%n%B -z 1801f8e1769b43c2617d9396a1c7530668b27ab8 [4ms]
2024-08-01 17:26:09.798 [info] > git config --get commit.template [6ms]
2024-08-01 17:26:09.799 [info] > git for-each-ref --format=%(refname)%00%(upstream:short)%00%(objectname)%00%(upstream:track)%00%(upstream:remotename)%00%(upstream:remoteref) refs/heads/master refs/remotes/master [2ms]
2024-08-01 17:26:09.808 [info] > git status -z -uall [4ms]
2024-08-01 17:26:09.817 [info] > git for-each-ref --format=%(refname)%00%(upstream:short)%00%(objectname)%00%(upstream:track)%00%(upstream:remotename)%00%(upstream:remoteref) refs/heads/master refs/remotes/master [3ms]
2024-08-01 17:26:09.823 [info] > git config --local branch.master.vscode-merge-base [1ms]
2024-08-01 17:26:09.823 [warning] git config failed: Failed to execute git
2024-08-01 17:26:09.830 [info] > git reflog master --grep-reflog=branch: Created from *. [3ms]
2024-08-01 17:26:09.836 [info] > git symbolic-ref --short refs/remotes/origin/HEAD [1ms]
2024-08-01 17:26:09.836 [info] fatal: ref refs/remotes/origin/HEAD is not a symbolic ref
2024-08-01 17:26:10.480 [info] > git for-each-ref --format=%(refname)%00%(upstream:short)%00%(objectname)%00%(upstream:track)%00%(upstream:remotename)%00%(upstream:remoteref) refs/heads/master refs/remotes/master [2ms]
2024-08-01 17:26:10.582 [info] > git for-each-ref --format=%(refname)%00%(upstream:short)%00%(objectname)%00%(upstream:track)%00%(upstream:remotename)%00%(upstream:remoteref) refs/heads/master refs/remotes/master [96ms]
2024-08-01 17:26:10.591 [info] > git show -s --format=%H%n%aN%n%aE%n%at%n%ct%n%P%n%D%n%B -z 1801f8e1769b43c2617d9396a1c7530668b27ab8 [4ms]
2024-08-01 17:26:14.826 [info] > git config --get commit.template [6ms]
2024-08-01 17:26:14.828 [info] > git for-each-ref --format=%(refname)%00%(upstream:short)%00%(objectname)%00%(upstream:track)%00%(upstream:remotename)%00%(upstream:remoteref) refs/heads/master refs/remotes/master [2ms]
2024-08-01 17:26:14.837 [info] > git status -z -uall [3ms]
2024-08-01 17:26:14.845 [info] > git for-each-ref --format=%(refname)%00%(upstream:short)%00%(objectname)%00%(upstream:track)%00%(upstream:remotename)%00%(upstream:remoteref) refs/heads/master refs/remotes/master [2ms]
2024-08-01 17:26:14.851 [info] > git config --local branch.master.vscode-merge-base [1ms]
2024-08-01 17:26:14.852 [warning] git config failed: Failed to execute git
2024-08-01 17:26:14.859 [info] > git reflog master --grep-reflog=branch: Created from *. [2ms]
2024-08-01 17:26:14.866 [info] > git symbolic-ref --short refs/remotes/origin/HEAD [1ms]
2024-08-01 17:26:14.866 [info] fatal: ref refs/remotes/origin/HEAD is not a symbolic ref
2024-08-01 17:26:19.856 [info] > git config --get commit.template [6ms]
2024-08-01 17:26:19.858 [info] > git for-each-ref --format=%(refname)%00%(upstream:short)%00%(objectname)%00%(upstream:track)%00%(upstream:remotename)%00%(upstream:remoteref) refs/heads/master refs/remotes/master [3ms]
2024-08-01 17:26:19.867 [info] > git status -z -uall [4ms]
2024-08-01 17:26:19.875 [info] > git for-each-ref --format=%(refname)%00%(upstream:short)%00%(objectname)%00%(upstream:track)%00%(upstream:remotename)%00%(upstream:remoteref) refs/heads/master refs/remotes/master [2ms]
2024-08-01 17:26:19.883 [info] > git config --local branch.master.vscode-merge-base [2ms]
2024-08-01 17:26:19.883 [warning] git config failed: Failed to execute git
2024-08-01 17:26:19.891 [info] > git reflog master --grep-reflog=branch: Created from *. [2ms]
2024-08-01 17:26:19.899 [info] > git symbolic-ref --short refs/remotes/origin/HEAD [2ms]
2024-08-01 17:26:19.899 [info] fatal: ref refs/remotes/origin/HEAD is not a symbolic ref
2024-08-01 17:26:24.886 [info] > git config --get commit.template [6ms]
2024-08-01 17:26:24.887 [info] > git for-each-ref --format=%(refname)%00%(upstream:short)%00%(objectname)%00%(upstream:track)%00%(upstream:remotename)%00%(upstream:remoteref) refs/heads/master refs/remotes/master [2ms]
2024-08-01 17:26:24.896 [info] > git status -z -uall [4ms]
2024-08-01 17:26:24.904 [info] > git for-each-ref --format=%(refname)%00%(upstream:short)%00%(objectname)%00%(upstream:track)%00%(upstream:remotename)%00%(upstream:remoteref) refs/heads/master refs/remotes/master [3ms]
2024-08-01 17:26:24.910 [info] > git config --local branch.master.vscode-merge-base [1ms]
2024-08-01 17:26:24.910 [warning] git config failed: Failed to execute git
2024-08-01 17:26:24.917 [info] > git reflog master --grep-reflog=branch: Created from *. [2ms]
2024-08-01 17:26:24.923 [info] > git symbolic-ref --short refs/remotes/origin/HEAD [1ms]
2024-08-01 17:26:24.923 [info] fatal: ref refs/remotes/origin/HEAD is not a symbolic ref
2024-08-01 17:26:29.914 [info] > git config --get commit.template [6ms]
2024-08-01 17:26:29.915 [info] > git for-each-ref --format=%(refname)%00%(upstream:short)%00%(objectname)%00%(upstream:track)%00%(upstream:remotename)%00%(upstream:remoteref) refs/heads/master refs/remotes/master [2ms]
2024-08-01 17:26:29.925 [info] > git status -z -uall [4ms]
2024-08-01 17:26:29.933 [info] > git for-each-ref --format=%(refname)%00%(upstream:short)%00%(objectname)%00%(upstream:track)%00%(upstream:remotename)%00%(upstream:remoteref) refs/heads/master refs/remotes/master [2ms]
2024-08-01 17:26:29.941 [info] > git config --local branch.master.vscode-merge-base [1ms]
2024-08-01 17:26:29.941 [warning] git config failed: Failed to execute git
2024-08-01 17:26:29.948 [info] > git reflog master --grep-reflog=branch: Created from *. [2ms]
2024-08-01 17:26:29.955 [info] > git symbolic-ref --short refs/remotes/origin/HEAD [2ms]
2024-08-01 17:26:29.955 [info] fatal: ref refs/remotes/origin/HEAD is not a symbolic ref
2024-08-01 17:26:34.944 [info] > git config --get commit.template [5ms]
2024-08-01 17:26:34.945 [info] > git for-each-ref --format=%(refname)%00%(upstream:short)%00%(objectname)%00%(upstream:track)%00%(upstream:remotename)%00%(upstream:remoteref) refs/heads/master refs/remotes/master [2ms]
2024-08-01 17:26:34.954 [info] > git status -z -uall [4ms]
2024-08-01 17:26:34.961 [info] > git for-each-ref --format=%(refname)%00%(upstream:short)%00%(objectname)%00%(upstream:track)%00%(upstream:remotename)%00%(upstream:remoteref) refs/heads/master refs/remotes/master [2ms]
2024-08-01 17:26:34.967 [info] > git config --local branch.master.vscode-merge-base [1ms]
2024-08-01 17:26:34.967 [warning] git config failed: Failed to execute git
2024-08-01 17:26:34.975 [info] > git reflog master --grep-reflog=branch: Created from *. [3ms]
2024-08-01 17:26:34.982 [info] > git symbolic-ref --short refs/remotes/origin/HEAD [2ms]
2024-08-01 17:26:34.982 [info] fatal: ref refs/remotes/origin/HEAD is not a symbolic ref
2024-08-01 17:26:39.974 [info] > git config --get commit.template [6ms]
2024-08-01 17:26:39.975 [info] > git for-each-ref --format=%(refname)%00%(upstream:short)%00%(objectname)%00%(upstream:track)%00%(upstream:remotename)%00%(upstream:remoteref) refs/heads/master refs/remotes/master [3ms]
2024-08-01 17:26:39.985 [info] > git status -z -uall [4ms]
2024-08-01 17:26:39.996 [info] > git for-each-ref --format=%(refname)%00%(upstream:short)%00%(objectname)%00%(upstream:track)%00%(upstream:remotename)%00%(upstream:remoteref) refs/heads/master refs/remotes/master [3ms]
2024-08-01 17:26:40.003 [info] > git config --local branch.master.vscode-merge-base [1ms]
2024-08-01 17:26:40.003 [warning] git config failed: Failed to execute git
2024-08-01 17:26:40.012 [info] > git reflog master --grep-reflog=branch: Created from *. [2ms]
2024-08-01 17:26:40.019 [info] > git symbolic-ref --short refs/remotes/origin/HEAD [2ms]
2024-08-01 17:26:40.019 [info] fatal: ref refs/remotes/origin/HEAD is not a symbolic ref
2024-08-01 17:26:45.006 [info] > git config --get commit.template [5ms]
2024-08-01 17:26:45.008 [info] > git for-each-ref --format=%(refname)%00%(upstream:short)%00%(objectname)%00%(upstream:track)%00%(upstream:remotename)%00%(upstream:remoteref) refs/heads/master refs/remotes/master [2ms]
2024-08-01 17:26:45.017 [info] > git status -z -uall [4ms]
2024-08-01 17:26:45.025 [info] > git for-each-ref --format=%(refname)%00%(upstream:short)%00%(objectname)%00%(upstream:track)%00%(upstream:remotename)%00%(upstream:remoteref) refs/heads/master refs/remotes/master [2ms]
2024-08-01 17:26:45.031 [info] > git config --local branch.master.vscode-merge-base [1ms]
2024-08-01 17:26:45.031 [warning] git config failed: Failed to execute git
2024-08-01 17:26:45.038 [info] > git reflog master --grep-reflog=branch: Created from *. [2ms]
2024-08-01 17:26:45.044 [info] > git symbolic-ref --short refs/remotes/origin/HEAD [2ms]
2024-08-01 17:26:45.044 [info] fatal: ref refs/remotes/origin/HEAD is not a symbolic ref
2024-08-01 17:26:50.035 [info] > git config --get commit.template [5ms]
2024-08-01 17:26:50.036 [info] > git for-each-ref --format=%(refname)%00%(upstream:short)%00%(objectname)%00%(upstream:track)%00%(upstream:remotename)%00%(upstream:remoteref) refs/heads/master refs/remotes/master [2ms]
2024-08-01 17:26:50.046 [info] > git status -z -uall [4ms]
2024-08-01 17:26:50.054 [info] > git for-each-ref --format=%(refname)%00%(upstream:short)%00%(objectname)%00%(upstream:track)%00%(upstream:remotename)%00%(upstream:remoteref) refs/heads/master refs/remotes/master [2ms]
2024-08-01 17:26:50.060 [info] > git config --local branch.master.vscode-merge-base [1ms]
2024-08-01 17:26:50.060 [warning] git config failed: Failed to execute git
2024-08-01 17:26:50.068 [info] > git reflog master --grep-reflog=branch: Created from *. [3ms]
2024-08-01 17:26:50.074 [info] > git symbolic-ref --short refs/remotes/origin/HEAD [2ms]
2024-08-01 17:26:50.074 [info] fatal: ref refs/remotes/origin/HEAD is not a symbolic ref
2024-08-01 17:26:55.066 [info] > git config --get commit.template [7ms]
2024-08-01 17:26:55.067 [info] > git for-each-ref --format=%(refname)%00%(upstream:short)%00%(objectname)%00%(upstream:track)%00%(upstream:remotename)%00%(upstream:remoteref) refs/heads/master refs/remotes/master [2ms]
2024-08-01 17:26:55.076 [info] > git status -z -uall [3ms]
2024-08-01 17:26:55.084 [info] > git for-each-ref --format=%(refname)%00%(upstream:short)%00%(objectname)%00%(upstream:track)%00%(upstream:remotename)%00%(upstream:remoteref) refs/heads/master refs/remotes/master [2ms]
2024-08-01 17:26:55.091 [info] > git config --local branch.master.vscode-merge-base [1ms]
2024-08-01 17:26:55.091 [warning] git config failed: Failed to execute git
2024-08-01 17:26:55.099 [info] > git reflog master --grep-reflog=branch: Created from *. [3ms]
2024-08-01 17:26:55.105 [info] > git symbolic-ref --short refs/remotes/origin/HEAD [1ms]
2024-08-01 17:26:55.105 [info] fatal: ref refs/remotes/origin/HEAD is not a symbolic ref
2024-08-01 17:26:57.510 [info] > git show --textconv :salon.sh [5ms]
2024-08-01 17:26:57.512 [info] > git ls-files --stage -- /workspace/.vscode-remote/salon.sh [2ms]
2024-08-01 17:26:57.519 [info] > git cat-file -s 9290ce24f8c25e22f2aa4a7e5c109ac360107166 [2ms]
2024-08-01 17:27:00.097 [info] > git config --get commit.template [6ms]
2024-08-01 17:27:00.098 [info] > git for-each-ref --format=%(refname)%00%(upstream:short)%00%(objectname)%00%(upstream:track)%00%(upstream:remotename)%00%(upstream:remoteref) refs/heads/master refs/remotes/master [2ms]
2024-08-01 17:27:00.107 [info] > git status -z -uall [3ms]
2024-08-01 17:27:00.115 [info] > git for-each-ref --format=%(refname)%00%(upstream:short)%00%(objectname)%00%(upstream:track)%00%(upstream:remotename)%00%(upstream:remoteref) refs/heads/master refs/remotes/master [2ms]
2024-08-01 17:27:00.121 [info] > git config --local branch.master.vscode-merge-base [1ms]
2024-08-01 17:27:00.121 [warning] git config failed: Failed to execute git
2024-08-01 17:27:00.128 [info] > git reflog master --grep-reflog=branch: Created from *. [2ms]
2024-08-01 17:27:00.134 [info] > git symbolic-ref --short refs/remotes/origin/HEAD [2ms]
2024-08-01 17:27:00.134 [info] fatal: ref refs/remotes/origin/HEAD is not a symbolic ref
2024-08-01 17:27:00.240 [info] > git check-ignore -v -z --stdin [2ms]
