2024-08-01 17:20:20.624 [warning] /home/gitpod/.ssh/config: ENOENT: no such file or directory, open '/home/gitpod/.ssh/config'
2024-08-01 17:20:20.624 [info] Activation> Extension version: 0.92.0
2024-08-01 17:20:22.971 [info] Looking for git repository
2024-08-01 17:20:22.972 [info] Found 0 repositories during activation
2024-08-01 17:20:22.972 [info] Git repository found, initializing review manager and pr tree view.
2024-08-01 17:20:22.975 [info] Registering git provider
2024-08-01 17:20:22.975 [info] Review+0> Validate state in progress
2024-08-01 17:20:22.975 [info] Review+0> Validating state...
2024-08-01 17:20:22.976 [warning] No remotes found. The following remotes are missing: origin, upstream
2024-08-01 17:20:22.976 [info] No GitHub remotes found for folder /workspace/.vscode-remote
2024-08-01 17:20:22.991 [info] Review+0> No matching pull request metadata found locally for current branch master
2024-08-01 17:20:23.012 [info] Review+0> No matching pull request metadata found on GitHub for current branch master
2024-08-01 17:20:31.717 [info] Review+0> Validate state in progress
2024-08-01 17:20:31.717 [info] Review+0> Validating state...
2024-08-01 17:20:31.717 [info] Repo state for file:///workspace/.vscode-remote changed.
2024-08-01 17:20:31.717 [info] Repo file:///workspace/.vscode-remote has already been setup.
2024-08-01 17:20:31.718 [warning] No remotes found. The following remotes are missing: origin, upstream
2024-08-01 17:20:31.718 [info] No GitHub remotes found for folder /workspace/.vscode-remote
2024-08-01 17:20:31.734 [info] Review+0> No matching pull request metadata found locally for current branch master
2024-08-01 17:20:31.750 [info] Review+0> No matching pull request metadata found on GitHub for current branch master
2024-08-01 17:23:45.732 [info] Review+0> Validate state in progress
2024-08-01 17:23:45.732 [info] Review+0> Validating state...
2024-08-01 17:23:45.733 [warning] No remotes found. The following remotes are missing: origin, upstream
2024-08-01 17:23:45.733 [info] No GitHub remotes found for folder /workspace/.vscode-remote
2024-08-01 17:23:45.751 [info] Review+0> No matching pull request metadata found locally for current branch master
2024-08-01 17:23:45.769 [info] Review+0> No matching pull request metadata found on GitHub for current branch master
