2024-08-01 17:20:19.902 [info] Log level: Info
2024-08-01 17:20:19.902 [info] VSCODE_MACHINE_ID: a400fbac-ea62-4305-ab9d-f081d43d17c8
2024-08-01 17:20:19.902 [info] VSCODE_SESSION_ID: 24e2a8ac-bd53-42e7-8ead-8b8dea1930511722532765013
2024-08-01 17:20:19.902 [info] VSCODE_VERSION: 1.91.1
2024-08-01 17:20:19.903 [info] VSCODE_APP_NAME: Gitpod Code
2024-08-01 17:20:19.903 [info] VSCODE_APP_HOST: Gitpod
2024-08-01 17:20:19.903 [info] VSCODE_UI_KIND: web
2024-08-01 17:20:19.903 [info] GITPOD_WORKSPACE_CONTEXT_URL: https://github.com/freeCodeCamp/learn-salon-appointment-scheduler
2024-08-01 17:20:19.903 [info] GITPOD_INSTANCE_ID: 579599df-7b78-4c5e-a3f9-2f565610d9f5
2024-08-01 17:20:19.903 [info] GITPOD_WORKSPACE_URL: https://freecodecam-learnsalona-nelvenhko3m.ws-us115.gitpod.io
2024-08-01 17:20:19.903 [info] Gitpod Web 7ff72a2
2024-08-01 17:20:19.903 [info] Reading sessions from keychain...
2024-08-01 17:20:20.242 [info] Getting sessions for all scopes...
2024-08-01 17:20:20.242 [info] Getting GitHub sessions for all scopes...
2024-08-01 17:20:20.242 [info] Getting sessions for function:accessCodeSyncStorage...
2024-08-01 17:20:20.242 [info] Got 1 GitHub sessions for all scopes...
2024-08-01 17:20:20.242 [info] Got stored sessions!
2024-08-01 17:20:20.242 [info] Verified session with the following scopes: function:accessCodeSyncStorage function:closePort function:controlAdmission function:deleteEnvVar function:generateNewGitpodToken function:getDefaultWorkspaceImage function:getEnvVars function:getGitpodTokenScopes function:getIDToken function:getLoggedInUser function:getOpenPorts function:getSupportedWorkspaceClasses function:getTeams function:getToken function:getWorkspace function:getWorkspaceEnvVars function:getWorkspaceOwner function:getWorkspaceTimeout function:getWorkspaceUsers function:guessGitTokenScopes function:isWorkspaceOwner function:openPort function:sendHeartBeat function:setEnvVar function:setWorkspaceTimeout function:stopWorkspace function:takeSnapshot function:trackEvent function:updateGitStatus function:waitForSnapshot resource:contentBlob::*::create/get resource:envVar::freeCodeCamp/learn-salon-appointment-scheduler::create/get/update/delete resource:gitpodToken::*::create resource:snapshot::ws-freecodecam-learnsalona-nelvenhko3m::create resource:token::*::get resource:userStorage::*::create/get/update resource:workspace::freecodecam-learnsalona-nelvenhko3m::get/update resource:workspaceInstance::579599df-7b78-4c5e-a3f9-2f565610d9f5::get/update/delete
2024-08-01 17:20:20.242 [info] Got 1 verified sessions.
2024-08-01 17:20:20.242 [info] Got 1 sessions for all scopes...
2024-08-01 17:20:20.242 [info] Got 1 sessions for function:accessCodeSyncStorage...
2024-08-01 17:20:20.520 [info] Getting GitHub sessions for all scopes...
2024-08-01 17:20:20.520 [info] Getting sessions for all scopes...
2024-08-01 17:20:20.520 [info] Got 1 GitHub sessions for all scopes...
2024-08-01 17:20:20.520 [info] Got 1 sessions for all scopes...
2024-08-01 17:20:21.394 [info] Getting GitHub sessions for project,read:org,read:user,repo,user:email,workflow...
2024-08-01 17:20:21.394 [info] Got 0 GitHub sessions for project,read:org,read:user,repo,user:email,workflow...
2024-08-01 17:20:22.144 [info] Getting GitHub sessions for read:user,repo,user:email,workflow...
2024-08-01 17:20:22.144 [info] Got 1 GitHub sessions for read:user,repo,user:email,workflow...
2024-08-01 17:20:23.301 [info] Getting GitHub sessions for read:user,repo,user:email,workflow...
2024-08-01 17:20:23.301 [info] Got 1 GitHub sessions for read:user,repo,user:email,workflow...
2024-08-01 17:24:54.252 [info] Getting GitHub sessions for read:user,repo,user:email,workflow...
2024-08-01 17:24:54.252 [info] Got 1 GitHub sessions for read:user,repo,user:email,workflow...
